This is pdfTeX, Version 3.14159265-2.6-1.40.20 (TeX Live 2019/Debian) (preloaded format=pdflatex 2019.10.28)  7 DEC 2019 16:36
entering extended mode
 restricted \write18 enabled.
 %&-line parsing enabled.
**binder
(./binder.tex
LaTeX2e <2018-12-01>
(/home/gordon/texmf/tex/latex/koma-script/scrbook.cls
Document Class: scrbook 2019/10/12 v3.27 KOMA-Script document class (book)
(/home/gordon/texmf/tex/latex/koma-script/scrkbase.sty
Package: scrkbase 2019/10/12 v3.27 KOMA-Script package (KOMA-Script-dependent b
asics and keyval usage)

(/home/gordon/texmf/tex/latex/koma-script/scrbase.sty
Package: scrbase 2019/10/12 v3.27 KOMA-Script package (KOMA-Script-independent 
basics and keyval usage)

(/home/gordon/texmf/tex/latex/graphics/keyval.sty
Package: keyval 2014/10/28 v1.15 key=value parser (DPC)
\KV@toks@=\toks14
)
(/home/gordon/texmf/tex/latex/koma-script/scrlfile.sty
Package: scrlfile 2019/10/12 v3.27 KOMA-Script package (loading files)
)))
(/home/gordon/texmf/tex/latex/koma-script/tocbasic.sty
Package: tocbasic 2019/10/12 v3.27 KOMA-Script package (handling toc-files)
\scr@dte@tocline@numberwidth=\skip41
\scr@dte@tocline@numbox=\box27
)
Package tocbasic Info: omitting babel extension for `toc'
(tocbasic)             because of feature `nobabel' available
(tocbasic)             for `toc' on input line 137.


LaTeX Font Warning: Font shape `OT1/cmr/m/n' in size <13> not available
(Font)              size <12> substituted on input line 2420.

(/home/gordon/texmf/tex/latex/koma-script/typearea.sty
Package: typearea 2019/10/12 v3.27 KOMA-Script package (type area)
\ta@bcor=\skip42
\ta@div=\count80
Package typearea Info: You've used standard option `a5paper'.
(typearea)             This is correct!
(typearea)             Internally I'm using `paper=a5'.
(typearea)             If you'd like to set the option with \KOMAoptions,
(typearea)             you'd have to use `paper=a5' there
(typearea)             instead of `a5paper', too.
\ta@hblk=\skip43
\ta@vblk=\skip44
\ta@temp=\skip45
\footheight=\skip46

DIV calculation for typearea with good linewidth.
Package typearea Info: Maybe no optimal type area settings!
(typearea)             The detected line width is about 18%
(typearea)             smaller than the heuristically estimated maximum
(typearea)             limit of typographical good line width.
(typearea)             You could e.g. increase DIV, decrease fontsize
(typearea)             or change the papersize.
Package typearea Info: These are the values describing the layout:
(typearea)             DIV  = 12
(typearea)             BCOR = 0.0pt
(typearea)             \paperwidth      = 421.10083pt
(typearea)              \textwidth      = 315.82562pt
(typearea)              DIV departure   = 18%
(typearea)              \evensidemargin = -2.08652pt
(typearea)              \oddsidemargin  = -37.17825pt
(typearea)             \paperheight     = 597.50793pt
(typearea)              \textheight     = 449.79889pt
(typearea)              \topmargin      = -65.37753pt
(typearea)              \headheight     = 19.49994pt
(typearea)              \headsep        = 23.39993pt
(typearea)              \topskip        = 13.0pt
(typearea)              \footskip       = 54.59984pt
(typearea)              \baselineskip   = 15.59996pt
(typearea)              on input line 1716.
)
\c@part=\count81
\c@chapter=\count82
\c@section=\count83
\c@subsection=\count84
\c@subsubsection=\count85
\c@paragraph=\count86
\c@subparagraph=\count87
\scr@dte@chapter@maxnumwidth=\skip47
Class scrbook Info: using compatibility default `afterindent=bysign'
(scrbook)           for `\chapter on input line 5521.
\scr@dte@section@maxnumwidth=\skip48
Class scrbook Info: using compatibility default `runin=bysign'
(scrbook)           for `\section on input line 5531.
Class scrbook Info: using compatibility default `afterindent=bysign'
(scrbook)           for `\section on input line 5531.
\scr@dte@part@maxnumwidth=\skip49
Class scrbook Info: using compatibility default `afterindent=true'
(scrbook)           for `\part on input line 5540.
\scr@dte@subsection@maxnumwidth=\skip50
Class scrbook Info: using compatibility default `runin=bysign'
(scrbook)           for `\subsection on input line 5550.
Class scrbook Info: using compatibility default `afterindent=bysign'
(scrbook)           for `\subsection on input line 5550.
\scr@dte@subsubsection@maxnumwidth=\skip51
Class scrbook Info: using compatibility default `runin=bysign'
(scrbook)           for `\subsubsection on input line 5560.
Class scrbook Info: using compatibility default `afterindent=bysign'
(scrbook)           for `\subsubsection on input line 5560.
\scr@dte@paragraph@maxnumwidth=\skip52
Class scrbook Info: using compatibility default `runin=bysign'
(scrbook)           for `\paragraph on input line 5570.
Class scrbook Info: using compatibility default `afterindent=bysign'
(scrbook)           for `\paragraph on input line 5570.
\scr@dte@subparagraph@maxnumwidth=\skip53
Class scrbook Info: using compatibility default `runin=bysign'
(scrbook)           for `\subparagraph on input line 5580.
Class scrbook Info: using compatibility default `afterindent=bysign'
(scrbook)           for `\subparagraph on input line 5580.
\abovecaptionskip=\skip54
\belowcaptionskip=\skip55
\c@pti@nb@sid@b@x=\box28
Package tocbasic Info: omitting babel extension for `lof'
(tocbasic)             because of feature `nobabel' available
(tocbasic)             for `lof' on input line 6810.
\scr@dte@figure@maxnumwidth=\skip56
\c@figure=\count88
Package tocbasic Info: omitting babel extension for `lot'
(tocbasic)             because of feature `nobabel' available
(tocbasic)             for `lot' on input line 6831.
\scr@dte@table@maxnumwidth=\skip57
\c@table=\count89
Class scrbook Info: Redefining `\numberline' on input line 7004.
\bibindent=\dimen102
) (/home/gordon/texmf/tex/generic/babel/babel.sty
Package: babel 2019/11/14 3.36 The Babel package

(/home/gordon/texmf/tex/generic/babel/switch.def
File: switch.def 2019/11/14 3.36 Babel switching mechanism
)
(/home/gordon/texmf/tex/generic/babel-german/ngerman.ldf
Language: ngerman 2018/12/08 v2.11 German support for babel (post-1996 orthogra
phy)

(/home/gordon/texmf/tex/generic/babel-german/ngermanb.ldf
Language: ngermanb 2018/12/08 v2.11 German support for babel (post-1996 orthogr
aphy)

(/home/gordon/texmf/tex/generic/babel/babel.def
File: babel.def 2019/11/14 3.36 Babel common definitions
\babel@savecnt=\count90
\U@D=\dimen103

(/home/gordon/texmf/tex/generic/babel/txtbabel.def)
\bbl@dirlevel=\count91
)
Package babel Info: Making " an active character on input line 121.
)))
(/home/gordon/texmf/tex/latex/base/fontenc.sty
Package: fontenc 2018/08/11 v2.0j Standard LaTeX package

(/home/gordon/texmf/tex/latex/base/t1enc.def
File: t1enc.def 2018/08/11 v2.0j Standard LaTeX file
LaTeX Font Info:    Redeclaring font encoding T1 on input line 48.
)

LaTeX Font Warning: Font shape `T1/cmr/m/n' in size <13> not available
(Font)              size <12> substituted on input line 105.

) (/home/gordon/texmf/tex/latex/paratype/PTSerifCaption.sty
Package: PTSerifCaption 2011/02/10 Style file for PTSerifCaption.
)
(/home/gordon/texmf/tex/latex/xcolor/xcolor.sty
Package: xcolor 2016/05/11 v2.12 LaTeX color extensions (UK)

(/home/gordon/texmf/tex/latex/graphics-cfg/color.cfg
File: color.cfg 2016/01/02 v1.6 sample color configuration
)
Package xcolor Info: Driver file: pdftex.def on input line 225.

(/home/gordon/texmf/tex/latex/graphics-def/pdftex.def
File: pdftex.def 2018/01/08 v1.0l Graphics/color driver for pdftex
)
Package xcolor Info: Model `cmy' substituted by `cmy0' on input line 1348.
Package xcolor Info: Model `hsb' substituted by `rgb' on input line 1352.
Package xcolor Info: Model `RGB' extended on input line 1364.
Package xcolor Info: Model `HTML' substituted by `rgb' on input line 1366.
Package xcolor Info: Model `Hsb' substituted by `hsb' on input line 1367.
Package xcolor Info: Model `tHsb' substituted by `hsb' on input line 1368.
Package xcolor Info: Model `HSB' substituted by `hsb' on input line 1369.
Package xcolor Info: Model `Gray' substituted by `gray' on input line 1370.
Package xcolor Info: Model `wave' substituted by `hsb' on input line 1371.

(/home/gordon/texmf/tex/latex/xcolor/svgnam.def
File: svgnam.def 2016/05/11 v2.12 Predefined colors according to SVG 1.1 (UK)
))
(/home/gordon/texmf/tex/latex/base/inputenc.sty
Package: inputenc 2018/08/11 v1.3c Input encoding file
\inpenc@prehook=\toks15
\inpenc@posthook=\toks16
)
(/home/gordon/texmf/tex/latex/csquotes/csquotes.sty
Package: csquotes 2019-12-02 v5.2i context-sensitive quotations (JAW)

(/home/gordon/texmf/tex/latex/etoolbox/etoolbox.sty
Package: etoolbox 2019/09/21 v2.5h e-TeX tools for LaTeX (JAW)
\etb@tempcnta=\count92
)
\csq@reset=\count93
\csq@gtype=\count94
\csq@glevel=\count95
\csq@qlevel=\count96
\csq@maxlvl=\count97
\csq@tshold=\count98
\csq@ltx@everypar=\toks17

(/home/gordon/texmf/tex/latex/csquotes/csquotes.def
File: csquotes.def 2019-12-02 v5.2i csquotes generic definitions (JAW)
)
Package csquotes Info: Trying to load configuration file 'csquotes.cfg'...
Package csquotes Info: ... configuration file loaded successfully.

(/home/gordon/texmf/tex/latex/csquotes/csquotes.cfg
File: csquotes.cfg 
)
Package csquotes Info: Redefining alias 'german' -> 'german/swiss'.
)
(/home/gordon/texmf/tex/latex/lettrine/lettrine.sty
File: lettrine.sty 2019-04-06 v2.22 (Daniel Flipo)

(/home/gordon/texmf/tex/generic/minifp/minifp.sty
Package: minifp 2013/12/30 v0.96. Macros for real number operations and a stack
-based programing language.
\MFP@loopctr=\count99
)
\c@DefaultLines=\count100
\c@DefaultDepth=\count101
\DefaultFindent=\dimen104
\DefaultNindent=\dimen105
\DefaultSlope=\dimen106
\DiscardVskip=\dimen107
\L@lbox=\box29
\L@tbox=\box30
\c@L@lines=\count102
\c@L@depth=\count103
\L@Pindent=\dimen108
\L@Findent=\dimen109
\L@Nindent=\dimen110
\L@lraise=\dimen111
\L@first=\dimen112
\L@next=\dimen113
\L@slope=\dimen114
\L@height=\dimen115
\L@novskip=\dimen116
\L@target@ht=\dimen117
\L@target@dp=\dimen118
\L@target@tht=\dimen119
\LettrineWidth=\dimen120
\LettrineHeight=\dimen121
\LettrineDepth=\dimen122
\Llist@everypar=\toks18

Loading lettrine.cfg
(/home/gordon/texmf/tex/latex/lettrine/lettrine.cfg))
(/home/gordon/texmf/tex/latex/initials/Kramer.fd
File: Kramer.fd 2003/04/02 Font definition file for U/Kramer
)
(/home/gordon/texmf/tex/latex/koma-script/scrpage2.sty
Package: scrpage2 2019/10/12 v3.27 KOMA-Script package (page head and foot)


Package scrpage2 Warning: usage of obsolete package!
(scrpage2)                Package `scrpage2' is obsolete.
(scrpage2)                You should not longer use package `scrpage2'.
(scrpage2)                You should replace usage of package `scrpage2'
(scrpage2)                by `scrlayer-scrpage' on input line 52.

LaTeX Info: Redefining \pagemark on input line 180.
) (/home/gordon/texmf/tex/latex/graphics/graphicx.sty
Package: graphicx 2017/06/01 v1.1a Enhanced LaTeX Graphics (DPC,SPQR)

(/home/gordon/texmf/tex/latex/graphics/graphics.sty
Package: graphics 2019/11/01 v1.3d Standard LaTeX Graphics (DPC,SPQR)

(/home/gordon/texmf/tex/latex/graphics/trig.sty
Package: trig 2016/01/03 v1.10 sin cos tan (DPC)
)
(/home/gordon/texmf/tex/latex/graphics-cfg/graphics.cfg
File: graphics.cfg 2016/06/04 v1.11 sample graphics configuration
)
Package graphics Info: Driver file: pdftex.def on input line 105.
)
\Gin@req@height=\dimen123
\Gin@req@width=\dimen124
)
(/home/gordon/texmf/tex/latex/tools/afterpage.sty
Package: afterpage 2014/10/28 v1.08 After-Page Package (DPC)
\AP@output=\toks19
\AP@partial=\box31
\AP@footins=\box32
)
(/home/gordon/texmf/tex/latex/mdframed/mdframed.sty
Package: mdframed 2013/07/01 1.9b: mdframed

(/home/gordon/texmf/tex/latex/kvoptions/kvoptions.sty
Package: kvoptions 2019/11/29 v3.13 Key value format for package options (HO)

(/home/gordon/texmf/tex/generic/oberdiek/ltxcmds.sty
Package: ltxcmds 2016/05/16 v1.23 LaTeX kernel commands for general use (HO)
)
(/home/gordon/texmf/tex/generic/oberdiek/kvsetkeys.sty
Package: kvsetkeys 2016/05/16 v1.17 Key value parser (HO)

(/home/gordon/texmf/tex/generic/infwarerr/infwarerr.sty
Package: infwarerr 2019/12/03 v1.5 Providing info/warning/error messages (HO)
)
(/home/gordon/texmf/tex/generic/oberdiek/etexcmds.sty
Package: etexcmds 2016/05/16 v1.6 Avoid name clashes with e-TeX commands (HO)

(/home/gordon/texmf/tex/generic/iftex/ifluatex.sty
Package: ifluatex 2019/10/25 v1.5 ifluatex legacy package. Use iftex instead.

(/home/gordon/texmf/tex/generic/iftex/iftex.sty
Package: iftex 2019/11/07 v1.0c TeX engine tests
)))))
(/home/gordon/texmf/tex/latex/l3packages/xparse/xparse.sty
(/home/gordon/texmf/tex/latex/l3kernel/expl3.sty
Package: expl3 2019-11-07 L3 programming layer (loader) 

(/home/gordon/texmf/tex/latex/l3kernel/expl3-code.tex
Package: expl3 2019-11-07 L3 programming layer (code)
\c_max_int=\count104
\l_tmpa_int=\count105
\l_tmpb_int=\count106
\g_tmpa_int=\count107
\g_tmpb_int=\count108
\l__seq_internal_a_int=\count109
\l__seq_internal_b_int=\count110
\g__kernel_prg_map_int=\count111
\c__ior_term_noprompt_ior=\count112
\c_log_iow=\count113
\l_iow_line_count_int=\count114
\l__iow_line_target_int=\count115
\l__iow_one_indent_int=\count116
\l__iow_indent_int=\count117
\c_zero_dim=\dimen125
\c_max_dim=\dimen126
\l_tmpa_dim=\dimen127
\l_tmpb_dim=\dimen128
\g_tmpa_dim=\dimen129
\g_tmpb_dim=\dimen130
\c_zero_skip=\skip58
\c_max_skip=\skip59
\l_tmpa_skip=\skip60
\l_tmpb_skip=\skip61
\g_tmpa_skip=\skip62
\g_tmpb_skip=\skip63
\c_zero_muskip=\muskip10
\c_max_muskip=\muskip11
\l_tmpa_muskip=\muskip12
\l_tmpb_muskip=\muskip13
\g_tmpa_muskip=\muskip14
\g_tmpb_muskip=\muskip15
\l_keys_choice_int=\count118
\l__intarray_loop_int=\count119
\c__intarray_sp_dim=\dimen131
\g__intarray_font_int=\count120
\c__fp_leading_shift_int=\count121
\c__fp_middle_shift_int=\count122
\c__fp_trailing_shift_int=\count123
\c__fp_big_leading_shift_int=\count124
\c__fp_big_middle_shift_int=\count125
\c__fp_big_trailing_shift_int=\count126
\c__fp_Bigg_leading_shift_int=\count127
\c__fp_Bigg_middle_shift_int=\count128
\c__fp_Bigg_trailing_shift_int=\count129
\c__kernel_randint_max_int=\count130
\g__fp_array_int=\count131
\l__fp_array_loop_int=\count132
\l__sort_length_int=\count133
\l__sort_min_int=\count134
\l__sort_top_int=\count135
\l__sort_max_int=\count136
\l__sort_true_max_int=\count137
\l__sort_block_int=\count138
\l__sort_begin_int=\count139
\l__sort_end_int=\count140
\l__sort_A_int=\count141
\l__sort_B_int=\count142
\l__sort_C_int=\count143
\l__str_internal_int=\count144
\c__str_replacement_char_int=\count145
\l__tl_analysis_normal_int=\count146
\l__tl_analysis_index_int=\count147
\l__tl_analysis_nesting_int=\count148
\l__tl_analysis_type_int=\count149
\l__regex_internal_a_int=\count150
\l__regex_internal_b_int=\count151
\l__regex_internal_c_int=\count152
\l__regex_balance_int=\count153
\l__regex_group_level_int=\count154
\l__regex_mode_int=\count155
\c__regex_cs_in_class_mode_int=\count156
\c__regex_cs_mode_int=\count157
\l__regex_catcodes_int=\count158
\l__regex_default_catcodes_int=\count159
\c__regex_catcode_D_int=\count160
\c__regex_catcode_S_int=\count161
\c__regex_catcode_L_int=\count162
\c__regex_catcode_O_int=\count163
\c__regex_catcode_A_int=\count164
\c__regex_all_catcodes_int=\count165
\l__regex_show_lines_int=\count166
\l__regex_min_state_int=\count167
\l__regex_max_state_int=\count168
\l__regex_left_state_int=\count169
\l__regex_right_state_int=\count170
\l__regex_capturing_group_int=\count171
\l__regex_min_pos_int=\count172
\l__regex_max_pos_int=\count173
\l__regex_curr_pos_int=\count174
\l__regex_start_pos_int=\count175
\l__regex_success_pos_int=\count176
\l__regex_curr_char_int=\count177
\l__regex_curr_catcode_int=\count178
\l__regex_last_char_int=\count179
\l__regex_case_changed_char_int=\count180
\l__regex_curr_state_int=\count181
\l__regex_step_int=\count182
\l__regex_min_active_int=\count183
\l__regex_max_active_int=\count184
\l__regex_replacement_csnames_int=\count185
\l__regex_match_count_int=\count186
\l__regex_min_submatch_int=\count187
\l__regex_submatch_int=\count188
\l__regex_zeroth_submatch_int=\count189
\g__regex_trace_regex_int=\count190
\c_empty_box=\box33
\l_tmpa_box=\box34
\l_tmpb_box=\box35
\g_tmpa_box=\box36
\g_tmpb_box=\box37
\l__box_top_dim=\dimen132
\l__box_bottom_dim=\dimen133
\l__box_left_dim=\dimen134
\l__box_right_dim=\dimen135
\l__box_top_new_dim=\dimen136
\l__box_bottom_new_dim=\dimen137
\l__box_left_new_dim=\dimen138
\l__box_right_new_dim=\dimen139
\l__box_internal_box=\box38
\l__coffin_internal_box=\box39
\l__coffin_internal_dim=\dimen140
\l__coffin_offset_x_dim=\dimen141
\l__coffin_offset_y_dim=\dimen142
\l__coffin_x_dim=\dimen143
\l__coffin_y_dim=\dimen144
\l__coffin_x_prime_dim=\dimen145
\l__coffin_y_prime_dim=\dimen146
\c_empty_coffin=\box40
\l__coffin_aligned_coffin=\box41
\l__coffin_aligned_internal_coffin=\box42
\l_tmpa_coffin=\box43
\l_tmpb_coffin=\box44
\g_tmpa_coffin=\box45
\g_tmpb_coffin=\box46
\l__coffin_bounding_shift_dim=\dimen147
\l__coffin_left_corner_dim=\dimen148
\l__coffin_right_corner_dim=\dimen149
\l__coffin_bottom_corner_dim=\dimen150
\l__coffin_top_corner_dim=\dimen151
\l__coffin_scaled_total_height_dim=\dimen152
\l__coffin_scaled_width_dim=\dimen153
\c__coffin_empty_coffin=\box47
\l__coffin_display_coffin=\box48
\l__coffin_display_coord_coffin=\box49
\l__coffin_display_pole_coffin=\box50
\l__coffin_display_offset_dim=\dimen154
\l__coffin_display_x_dim=\dimen155
\l__coffin_display_y_dim=\dimen156
\g__char_data_ior=\read1

(/home/gordon/texmf/tex/latex/l3kernel/l3deprecation.def
File: l3deprecation.def 2019-04-06 v L3 Deprecated functions
))
(/home/gordon/texmf/tex/latex/l3backend/l3backend-pdfmode.def
File: l3backend-pdfmode.def 2019-04-06 L3 backend support: PDF mode
\l__kernel_color_stack_int=\count191
\l__pdf_internal_box=\box51
))
Package: xparse 2019-10-11 L3 Experimental document command parser
\l__xparse_current_arg_int=\count192
\g__xparse_grabber_int=\count193
\l__xparse_m_args_int=\count194
\l__xparse_v_nesting_int=\count195
)
(/home/gordon/texmf/tex/latex/zref/zref-abspage.sty
Package: zref-abspage 2019/11/29 v2.28 Module abspage for zref (HO)

(/home/gordon/texmf/tex/latex/zref/zref-base.sty
Package: zref-base 2019/11/29 v2.28 Module base for zref (HO)

(/home/gordon/texmf/tex/generic/oberdiek/kvdefinekeys.sty
Package: kvdefinekeys 2016/05/16 v1.4 Define keys (HO)
)
(/home/gordon/texmf/tex/latex/pdftexcmds/pdftexcmds.sty
Package: pdftexcmds 2019/11/24 v0.31 Utility functions of pdfTeX for LuaTeX (HO
)
Package pdftexcmds Info: \pdf@primitive is available.
Package pdftexcmds Info: \pdf@ifprimitive is available.
Package pdftexcmds Info: \pdfdraftmode found.
)
(/home/gordon/texmf/tex/latex/oberdiek/auxhook.sty
Package: auxhook 2016/05/16 v1.4 Hooks for auxiliary files (HO)
)
Package zref Info: New property list: main on input line 763.
Package zref Info: New property: default on input line 764.
Package zref Info: New property: page on input line 765.
)
(/home/gordon/texmf/tex/generic/oberdiek/atbegshi.sty
Package: atbegshi 2016/06/09 v1.18 At begin shipout hook (HO)

(/home/gordon/texmf/tex/generic/iftex/ifpdf.sty
Package: ifpdf 2019/10/25 v3.4 ifpdf legacy package. Use iftex instead.
))
\c@abspage=\count196
Package zref Info: New property: abspage on input line 66.
)
(/home/gordon/texmf/tex/latex/needspace/needspace.sty
Package: needspace 2010/09/12 v1.3d reserve vertical space
)
\mdf@templength=\skip64
\c@mdf@globalstyle@cnt=\count197
\mdf@skipabove@length=\skip65
\mdf@skipbelow@length=\skip66
\mdf@leftmargin@length=\skip67
\mdf@rightmargin@length=\skip68
\mdf@innerleftmargin@length=\skip69
\mdf@innerrightmargin@length=\skip70
\mdf@innertopmargin@length=\skip71
\mdf@innerbottommargin@length=\skip72
\mdf@splittopskip@length=\skip73
\mdf@splitbottomskip@length=\skip74
\mdf@outermargin@length=\skip75
\mdf@innermargin@length=\skip76
\mdf@linewidth@length=\skip77
\mdf@innerlinewidth@length=\skip78
\mdf@middlelinewidth@length=\skip79
\mdf@outerlinewidth@length=\skip80
\mdf@roundcorner@length=\skip81
\mdf@footenotedistance@length=\skip82
\mdf@userdefinedwidth@length=\skip83
\mdf@needspace@length=\skip84
\mdf@frametitleaboveskip@length=\skip85
\mdf@frametitlebelowskip@length=\skip86
\mdf@frametitlerulewidth@length=\skip87
\mdf@frametitleleftmargin@length=\skip88
\mdf@frametitlerightmargin@length=\skip89
\mdf@shadowsize@length=\skip90
\mdf@extratopheight@length=\skip91
\mdf@subtitleabovelinewidth@length=\skip92
\mdf@subtitlebelowlinewidth@length=\skip93
\mdf@subtitleaboveskip@length=\skip94
\mdf@subtitlebelowskip@length=\skip95
\mdf@subtitleinneraboveskip@length=\skip96
\mdf@subtitleinnerbelowskip@length=\skip97
\mdf@subsubtitleabovelinewidth@length=\skip98
\mdf@subsubtitlebelowlinewidth@length=\skip99
\mdf@subsubtitleaboveskip@length=\skip100
\mdf@subsubtitlebelowskip@length=\skip101
\mdf@subsubtitleinneraboveskip@length=\skip102
\mdf@subsubtitleinnerbelowskip@length=\skip103

(/home/gordon/texmf/tex/latex/mdframed/md-frame-0.mdf
File: md-frame-0.mdf 2013/07/01\ 1.9b: md-frame-0
)
\mdf@frametitlebox=\box52
\mdf@footnotebox=\box53
\mdf@splitbox@one=\box54
\mdf@splitbox@two=\box55
\mdf@splitbox@save=\box56
\mdfsplitboxwidth=\skip104
\mdfsplitboxtotalwidth=\skip105
\mdfsplitboxheight=\skip106
\mdfsplitboxdepth=\skip107
\mdfsplitboxtotalheight=\skip108
\mdfframetitleboxwidth=\skip109
\mdfframetitleboxtotalwidth=\skip110
\mdfframetitleboxheight=\skip111
\mdfframetitleboxdepth=\skip112
\mdfframetitleboxtotalheight=\skip113
\mdffootnoteboxwidth=\skip114
\mdffootnoteboxtotalwidth=\skip115
\mdffootnoteboxheight=\skip116
\mdffootnoteboxdepth=\skip117
\mdffootnoteboxtotalheight=\skip118
\mdftotallinewidth=\skip119
\mdfboundingboxwidth=\skip120
\mdfboundingboxtotalwidth=\skip121
\mdfboundingboxheight=\skip122
\mdfboundingboxdepth=\skip123
\mdfboundingboxtotalheight=\skip124
\mdf@freevspace@length=\skip125
\mdf@horizontalwidthofbox@length=\skip126
\mdf@verticalmarginwhole@length=\skip127
\mdf@horizontalspaceofbox=\skip128
\mdfsubtitleheight=\skip129
\mdfsubsubtitleheight=\skip130
\c@mdfcountframes=\count198

****** mdframed patching \endmdf@trivlist

****** -- success******

\mdf@envdepth=\count199
\c@mdf@env@i=\count266
\c@mdf@env@ii=\count267
\c@mdf@zref@counter=\count268
Package zref Info: New property: mdf@pagevalue on input line 895.
)
(/home/gordon/texmf/tex/latex/pgf/frontendlayer/tikz.sty
(/home/gordon/texmf/tex/latex/pgf/basiclayer/pgf.sty
(/home/gordon/texmf/tex/latex/pgf/utilities/pgfrcs.sty
(/home/gordon/texmf/tex/generic/pgf/utilities/pgfutil-common.tex
\pgfutil@everybye=\toks20
\pgfutil@tempdima=\dimen157
\pgfutil@tempdimb=\dimen158

(/home/gordon/texmf/tex/generic/pgf/utilities/pgfutil-common-lists.tex))
(/home/gordon/texmf/tex/generic/pgf/utilities/pgfutil-latex.def
\pgfutil@abb=\box57

(/home/gordon/texmf/tex/latex/ms/everyshi.sty
Package: everyshi 2001/05/15 v3.00 EveryShipout Package (MS)
))
(/home/gordon/texmf/tex/generic/pgf/utilities/pgfrcs.code.tex
(/home/gordon/texmf/tex/generic/pgf/pgf.revision.tex)
Package: pgfrcs 2019/08/03 v3.1.4b (3.1.4b)
))
Package: pgf 2019/08/03 v3.1.4b (3.1.4b)

(/home/gordon/texmf/tex/latex/pgf/basiclayer/pgfcore.sty
(/home/gordon/texmf/tex/latex/pgf/systemlayer/pgfsys.sty
(/home/gordon/texmf/tex/generic/pgf/systemlayer/pgfsys.code.tex
Package: pgfsys 2019/08/03 v3.1.4b (3.1.4b)

(/home/gordon/texmf/tex/generic/pgf/utilities/pgfkeys.code.tex
\pgfkeys@pathtoks=\toks21
\pgfkeys@temptoks=\toks22

(/home/gordon/texmf/tex/generic/pgf/utilities/pgfkeysfiltered.code.tex
\pgfkeys@tmptoks=\toks23
))
\pgf@x=\dimen159
\pgf@y=\dimen160
\pgf@xa=\dimen161
\pgf@ya=\dimen162
\pgf@xb=\dimen163
\pgf@yb=\dimen164
\pgf@xc=\dimen165
\pgf@yc=\dimen166
\pgf@xd=\dimen167
\pgf@yd=\dimen168
\w@pgf@writea=\write3
\r@pgf@reada=\read2
\c@pgf@counta=\count269
\c@pgf@countb=\count270
\c@pgf@countc=\count271
\c@pgf@countd=\count272
\t@pgf@toka=\toks24
\t@pgf@tokb=\toks25
\t@pgf@tokc=\toks26
\pgf@sys@id@count=\count273

(/home/gordon/texmf/tex/generic/pgf/systemlayer/pgf.cfg
File: pgf.cfg 2019/08/03 v3.1.4b (3.1.4b)
)
Driver file for pgf: pgfsys-pdftex.def

(/home/gordon/texmf/tex/generic/pgf/systemlayer/pgfsys-pdftex.def
File: pgfsys-pdftex.def 2019/08/03 v3.1.4b (3.1.4b)

(/home/gordon/texmf/tex/generic/pgf/systemlayer/pgfsys-common-pdf.def
File: pgfsys-common-pdf.def 2019/08/03 v3.1.4b (3.1.4b)
)))
(/home/gordon/texmf/tex/generic/pgf/systemlayer/pgfsyssoftpath.code.tex
File: pgfsyssoftpath.code.tex 2019/08/03 v3.1.4b (3.1.4b)
\pgfsyssoftpath@smallbuffer@items=\count274
\pgfsyssoftpath@bigbuffer@items=\count275
)
(/home/gordon/texmf/tex/generic/pgf/systemlayer/pgfsysprotocol.code.tex
File: pgfsysprotocol.code.tex 2019/08/03 v3.1.4b (3.1.4b)
))
(/home/gordon/texmf/tex/generic/pgf/basiclayer/pgfcore.code.tex
Package: pgfcore 2019/08/03 v3.1.4b (3.1.4b)

(/home/gordon/texmf/tex/generic/pgf/math/pgfmath.code.tex
(/home/gordon/texmf/tex/generic/pgf/math/pgfmathcalc.code.tex
(/home/gordon/texmf/tex/generic/pgf/math/pgfmathutil.code.tex)
(/home/gordon/texmf/tex/generic/pgf/math/pgfmathparser.code.tex
\pgfmath@dimen=\dimen169
\pgfmath@count=\count276
\pgfmath@box=\box58
\pgfmath@toks=\toks27
\pgfmath@stack@operand=\toks28
\pgfmath@stack@operation=\toks29
)
(/home/gordon/texmf/tex/generic/pgf/math/pgfmathfunctions.code.tex
(/home/gordon/texmf/tex/generic/pgf/math/pgfmathfunctions.basic.code.tex)
(/home/gordon/texmf/tex/generic/pgf/math/pgfmathfunctions.trigonometric.code.te
x) (/home/gordon/texmf/tex/generic/pgf/math/pgfmathfunctions.random.code.tex)
(/home/gordon/texmf/tex/generic/pgf/math/pgfmathfunctions.comparison.code.tex)
(/home/gordon/texmf/tex/generic/pgf/math/pgfmathfunctions.base.code.tex)
(/home/gordon/texmf/tex/generic/pgf/math/pgfmathfunctions.round.code.tex)
(/home/gordon/texmf/tex/generic/pgf/math/pgfmathfunctions.misc.code.tex)
(/home/gordon/texmf/tex/generic/pgf/math/pgfmathfunctions.integerarithmetics.co
de.tex))) (/home/gordon/texmf/tex/generic/pgf/math/pgfmathfloat.code.tex
\c@pgfmathroundto@lastzeros=\count277
))
(/home/gordon/texmf/tex/generic/pgf/math/pgfint.code.tex)
(/home/gordon/texmf/tex/generic/pgf/basiclayer/pgfcorepoints.code.tex
File: pgfcorepoints.code.tex 2019/08/03 v3.1.4b (3.1.4b)
\pgf@picminx=\dimen170
\pgf@picmaxx=\dimen171
\pgf@picminy=\dimen172
\pgf@picmaxy=\dimen173
\pgf@pathminx=\dimen174
\pgf@pathmaxx=\dimen175
\pgf@pathminy=\dimen176
\pgf@pathmaxy=\dimen177
\pgf@xx=\dimen178
\pgf@xy=\dimen179
\pgf@yx=\dimen180
\pgf@yy=\dimen181
\pgf@zx=\dimen182
\pgf@zy=\dimen183
)
(/home/gordon/texmf/tex/generic/pgf/basiclayer/pgfcorepathconstruct.code.tex
File: pgfcorepathconstruct.code.tex 2019/08/03 v3.1.4b (3.1.4b)
\pgf@path@lastx=\dimen184
\pgf@path@lasty=\dimen185
)
(/home/gordon/texmf/tex/generic/pgf/basiclayer/pgfcorepathusage.code.tex
File: pgfcorepathusage.code.tex 2019/08/03 v3.1.4b (3.1.4b)
\pgf@shorten@end@additional=\dimen186
\pgf@shorten@start@additional=\dimen187
)
(/home/gordon/texmf/tex/generic/pgf/basiclayer/pgfcorescopes.code.tex
File: pgfcorescopes.code.tex 2019/08/03 v3.1.4b (3.1.4b)
\pgfpic=\box59
\pgf@hbox=\box60
\pgf@layerbox@main=\box61
\pgf@picture@serial@count=\count278
)
(/home/gordon/texmf/tex/generic/pgf/basiclayer/pgfcoregraphicstate.code.tex
File: pgfcoregraphicstate.code.tex 2019/08/03 v3.1.4b (3.1.4b)
\pgflinewidth=\dimen188
)
(/home/gordon/texmf/tex/generic/pgf/basiclayer/pgfcoretransformations.code.tex
File: pgfcoretransformations.code.tex 2019/08/03 v3.1.4b (3.1.4b)
\pgf@pt@x=\dimen189
\pgf@pt@y=\dimen190
\pgf@pt@temp=\dimen191
) (/home/gordon/texmf/tex/generic/pgf/basiclayer/pgfcorequick.code.tex
File: pgfcorequick.code.tex 2019/08/03 v3.1.4b (3.1.4b)
)
(/home/gordon/texmf/tex/generic/pgf/basiclayer/pgfcoreobjects.code.tex
File: pgfcoreobjects.code.tex 2019/08/03 v3.1.4b (3.1.4b)
)
(/home/gordon/texmf/tex/generic/pgf/basiclayer/pgfcorepathprocessing.code.tex
File: pgfcorepathprocessing.code.tex 2019/08/03 v3.1.4b (3.1.4b)
)
(/home/gordon/texmf/tex/generic/pgf/basiclayer/pgfcorearrows.code.tex
File: pgfcorearrows.code.tex 2019/08/03 v3.1.4b (3.1.4b)
\pgfarrowsep=\dimen192
)
(/home/gordon/texmf/tex/generic/pgf/basiclayer/pgfcoreshade.code.tex
File: pgfcoreshade.code.tex 2019/08/03 v3.1.4b (3.1.4b)
\pgf@max=\dimen193
\pgf@sys@shading@range@num=\count279
\pgf@shadingcount=\count280
)
(/home/gordon/texmf/tex/generic/pgf/basiclayer/pgfcoreimage.code.tex
File: pgfcoreimage.code.tex 2019/08/03 v3.1.4b (3.1.4b)

(/home/gordon/texmf/tex/generic/pgf/basiclayer/pgfcoreexternal.code.tex
File: pgfcoreexternal.code.tex 2019/08/03 v3.1.4b (3.1.4b)
\pgfexternal@startupbox=\box62
))
(/home/gordon/texmf/tex/generic/pgf/basiclayer/pgfcorelayers.code.tex
File: pgfcorelayers.code.tex 2019/08/03 v3.1.4b (3.1.4b)
)
(/home/gordon/texmf/tex/generic/pgf/basiclayer/pgfcoretransparency.code.tex
File: pgfcoretransparency.code.tex 2019/08/03 v3.1.4b (3.1.4b)
)
(/home/gordon/texmf/tex/generic/pgf/basiclayer/pgfcorepatterns.code.tex
File: pgfcorepatterns.code.tex 2019/08/03 v3.1.4b (3.1.4b)
)
(/home/gordon/texmf/tex/generic/pgf/basiclayer/pgfcorerdf.code.tex
File: pgfcorerdf.code.tex 2019/08/03 v3.1.4b (3.1.4b)
)))
(/home/gordon/texmf/tex/generic/pgf/modules/pgfmoduleshapes.code.tex
File: pgfmoduleshapes.code.tex 2019/08/03 v3.1.4b (3.1.4b)
\pgfnodeparttextbox=\box63
)
(/home/gordon/texmf/tex/generic/pgf/modules/pgfmoduleplot.code.tex
File: pgfmoduleplot.code.tex 2019/08/03 v3.1.4b (3.1.4b)
)
(/home/gordon/texmf/tex/latex/pgf/compatibility/pgfcomp-version-0-65.sty
Package: pgfcomp-version-0-65 2019/08/03 v3.1.4b (3.1.4b)
\pgf@nodesepstart=\dimen194
\pgf@nodesepend=\dimen195
)
(/home/gordon/texmf/tex/latex/pgf/compatibility/pgfcomp-version-1-18.sty
Package: pgfcomp-version-1-18 2019/08/03 v3.1.4b (3.1.4b)
))
(/home/gordon/texmf/tex/latex/pgf/utilities/pgffor.sty
(/home/gordon/texmf/tex/latex/pgf/utilities/pgfkeys.sty
(/home/gordon/texmf/tex/generic/pgf/utilities/pgfkeys.code.tex))
(/home/gordon/texmf/tex/latex/pgf/math/pgfmath.sty
(/home/gordon/texmf/tex/generic/pgf/math/pgfmath.code.tex))
(/home/gordon/texmf/tex/generic/pgf/utilities/pgffor.code.tex
Package: pgffor 2019/08/03 v3.1.4b (3.1.4b)

(/home/gordon/texmf/tex/generic/pgf/math/pgfmath.code.tex)
\pgffor@iter=\dimen196
\pgffor@skip=\dimen197
\pgffor@stack=\toks30
\pgffor@toks=\toks31
))
(/home/gordon/texmf/tex/generic/pgf/frontendlayer/tikz/tikz.code.tex
Package: tikz 2019/08/03 v3.1.4b (3.1.4b)

(/home/gordon/texmf/tex/generic/pgf/libraries/pgflibraryplothandlers.code.tex
File: pgflibraryplothandlers.code.tex 2019/08/03 v3.1.4b (3.1.4b)
\pgf@plot@mark@count=\count281
\pgfplotmarksize=\dimen198
)
\tikz@lastx=\dimen199
\tikz@lasty=\dimen256
\tikz@lastxsaved=\dimen257
\tikz@lastysaved=\dimen258
\tikz@lastmovetox=\dimen259
\tikz@lastmovetoy=\dimen260
\tikzleveldistance=\dimen261
\tikzsiblingdistance=\dimen262
\tikz@figbox=\box64
\tikz@figbox@bg=\box65
\tikz@tempbox=\box66
\tikz@tempbox@bg=\box67
\tikztreelevel=\count282
\tikznumberofchildren=\count283
\tikznumberofcurrentchild=\count284
\tikz@fig@count=\count285

(/home/gordon/texmf/tex/generic/pgf/modules/pgfmodulematrix.code.tex
File: pgfmodulematrix.code.tex 2019/08/03 v3.1.4b (3.1.4b)
\pgfmatrixcurrentrow=\count286
\pgfmatrixcurrentcolumn=\count287
\pgf@matrix@numberofcolumns=\count288
)
\tikz@expandcount=\count289

(/home/gordon/texmf/tex/generic/pgf/frontendlayer/tikz/libraries/tikzlibrarytop
aths.code.tex
File: tikzlibrarytopaths.code.tex 2019/08/03 v3.1.4b (3.1.4b)
)))
DIV calculation for typearea with good linewidth.
LaTeX Font Info:    Try loading font information for T1+PTSerifCaption-TLF on i
nput line 40.
(/home/gordon/texmf/tex/latex/paratype/T1PTSerifCaption-TLF.fd
File: T1PTSerifCaption-TLF.fd 2014/02/02 Font definitions for T1/PTSerifCaption
-TLF.
)
Package typearea Info: Maybe no optimal type area settings!
(typearea)             The detected line width is about 34%
(typearea)             smaller than the heuristically estimated maximum
(typearea)             limit of typographical good line width.
(typearea)             You could e.g. increase DIV, decrease fontsize
(typearea)             or change the papersize.
Package typearea Info: These are the values describing the layout:
(typearea)             DIV  = 12
(typearea)             BCOR = 0.0pt
(typearea)             \paperwidth      = 421.10083pt
(typearea)              \textwidth      = 315.82562pt
(typearea)              DIV departure   = 34%
(typearea)              \evensidemargin = -2.08652pt
(typearea)              \oddsidemargin  = -37.17825pt
(typearea)             \paperheight     = 597.50793pt
(typearea)              \textheight     = 449.79889pt
(typearea)              \topmargin      = -65.37753pt
(typearea)              \headheight     = 19.49994pt
(typearea)              \headsep        = 23.39993pt
(typearea)              \topskip        = 13.0pt
(typearea)              \footskip       = 54.59984pt
(typearea)              \baselineskip   = 15.59996pt
(typearea)              on input line 40.

(/home/gordon/texmf/tex/latex/pgfornament/pgfornament.sty
(/home/gordon/texmf/tex/latex/pgfopts/pgfopts.sty
Package: pgfopts 2014/07/10 v2.1a LaTeX package options with pgfkeys
\pgfopts@list@add@a@toks=\toks32
\pgfopts@list@add@b@toks=\toks33
)
Package: pgfornament 2016/03/05 v0.21 vector ornaments

(/home/gordon/texmf/tex/latex/pgfornament/pgflibraryvectorian.code.tex))
(/home/gordon/texmf/tex/latex/circledsteps/circledsteps.sty
Package: circledsteps 2019/11/01 v1.1 Circled steps that you can reference

(/home/gordon/texmf/tex/latex/pict2e/pict2e.sty
Package: pict2e 2019/08/20 v0.3c Improved picture commands (HjG,RN,JT)

(/home/gordon/texmf/tex/latex/pict2e/pict2e.cfg
File: pict2e.cfg 2016/02/05 v0.1u pict2e configuration for teTeX/TeXLive
)
Package pict2e Info: Driver file: pdftex.def on input line 119.
Package pict2e Info: Driver file for pict2e: p2e-pdftex.def on input line 121.

(/home/gordon/texmf/tex/latex/pict2e/p2e-pdftex.def
File: p2e-pdftex.def 2016/02/05 v0.1u Driver-dependant file (RN,HjG,JT)
)
\pIIe@GRAPH=\toks34
\@arclen=\dimen263
\@arcrad=\dimen264
\@tempdimd=\dimen265
)
(/home/gordon/texmf/tex/latex/oberdiek/picture.sty
Package: picture 2016/05/16 v1.4 Dimens for picture macros (HO)
Package picture Info: Calculation method: etex.
)
\csteps@CBox=\box68
\csteps@XLength=\skip131
\csteps@YLength=\skip132
\csteps@YDepth=\skip133
\csteps@tmplen=\skip134
\c@cstepcnt=\count290
)
Package csquotes Info: Checking for multilingual support...
Package csquotes Info: ... found 'babel' package.
Package csquotes Info: Adjusting default style.
Package csquotes Info: Redefining alias 'default' -> 'ngerman'.
 (./binder.aux)
\openout1 = `binder.aux'.

LaTeX Font Info:    Checking defaults for OML/cmm/m/it on input line 48.
LaTeX Font Info:    ... okay on input line 48.
LaTeX Font Info:    Checking defaults for T1/cmr/m/n on input line 48.
LaTeX Font Info:    ... okay on input line 48.
LaTeX Font Info:    Checking defaults for OT1/cmr/m/n on input line 48.
LaTeX Font Info:    ... okay on input line 48.
LaTeX Font Info:    Checking defaults for OMS/cmsy/m/n on input line 48.
LaTeX Font Info:    ... okay on input line 48.
LaTeX Font Info:    Checking defaults for OMX/cmex/m/n on input line 48.
LaTeX Font Info:    ... okay on input line 48.
LaTeX Font Info:    Checking defaults for U/cmr/m/n on input line 48.
LaTeX Font Info:    ... okay on input line 48.

(/usr/share/texlive/texmf-dist/tex/context/base/mkii/supp-pdf.mkii
[Loading MPS to PDF converter (version 2006.09.02).]
\scratchcounter=\count291
\scratchdimen=\dimen266
\scratchbox=\box69
\nofMPsegments=\count292
\nofMParguments=\count293
\everyMPshowfont=\toks35
\MPscratchCnt=\count294
\MPscratchDim=\dimen267
\MPnumerator=\count295
\makeMPintoPDFobject=\count296
\everyMPtoPDFconversion=\toks36
) (/home/gordon/texmf/tex/latex/epstopdf-pkg/epstopdf-base.sty
Package: epstopdf-base 2019-11-30 v2.9 Base part for package epstopdf
Package epstopdf-base Info: Redefining graphics rule for `.eps' on input line 4
85.

(/home/gordon/texmf/tex/latex/latexconfig/epstopdf-sys.cfg
File: epstopdf-sys.cfg 2010/07/13 v1.3 Configuration of (r)epstopdf for TeX Liv
e
))
\AtBeginShipoutBox=\box70

ABD: EveryShipout initializing macros (./kapitel/fangen.tex
<./bilder/fangen.png, id=4, 483.27649pt x 262.73642pt>
File: ./bilder/fangen.png Graphic file (type png)
<use ./bilder/fangen.png>
Package pdftex.def Info: ./bilder/fangen.png  used on input line 3.
(pdftex.def)             Requested size: 315.82562pt x 171.70673pt.
LaTeX Font Info:    Try loading font information for T1+cmss on input line 7.

(/home/gordon/texmf/tex/latex/base/t1cmss.fd
File: t1cmss.fd 2014/09/29 v2.5h Standard LaTeX font definitions
)

LaTeX Font Warning: Font shape `T1/cmss/m/n' in size <50> not available
(Font)              size <35.83> substituted on input line 7.

[1

{/home/gordon/texmf/fonts/map/pdftex/updmap/pdftex.map} <./bilder/fangen.png>]

LaTeX Font Warning: Font shape `T1/PTSerifCaption-TLF/m/sc' undefined
(Font)              using `T1/PTSerifCaption-TLF/m/n' instead on input line 12.


Package lettrine.sty Info: Targeted height = 37.97942pt
(lettrine.sty)             (no accent, loversize=0),
(lettrine.sty)             Lettrine height = 47.2207pt (T) loversize=.25;
(lettrine.sty)             reported on input line 12.
LaTeX Font Info:    Calculating math sizes for size <13> on input line 16.

LaTeX Font Warning: Font shape `OT1/cmr/m/n' in size <6.5> not available
(Font)              size <6> substituted on input line 16.


LaTeX Font Warning: Font shape `OML/cmm/m/it' in size <13> not available
(Font)              size <12> substituted on input line 16.


LaTeX Font Warning: Font shape `OML/cmm/m/it' in size <6.5> not available
(Font)              size <6> substituted on input line 16.


LaTeX Font Warning: Font shape `OMS/cmsy/m/n' in size <13> not available
(Font)              size <12> substituted on input line 16.


LaTeX Font Warning: Font shape `OMS/cmsy/m/n' in size <6.5> not available
(Font)              size <6> substituted on input line 16.

LaTeX Font Info:    External font `cmex10' loaded for size
(Font)              <13> on input line 16.
LaTeX Font Info:    External font `cmex10' loaded for size
(Font)              <9.09996> on input line 16.
LaTeX Font Info:    External font `cmex10' loaded for size
(Font)              <6.5> on input line 16.
(/home/gordon/texmf/tex/generic/pgfornament/vectorian/vectorian89.pgf)

LaTeX Font Warning: Font shape `T1/PTSerifCaption-TLF/bx/n' undefined
(Font)              using `T1/PTSerifCaption-TLF/m/n' instead on input line 16.


[2] (/home/gordon/texmf/tex/generic/pgfornament/vectorian/vectorian89.pgf)
[3]
Underfull \hbox (badness 1082) in paragraph at lines 27--28
\T1/PTSerifCaption-TLF/bx/n/13 ginnt mit Fan-gen. Es rennt so lan-ge an-de-ren
 []


Underfull \hbox (badness 2426) in paragraph at lines 29--30
[]\T1/PTSerifCaption-TLF/bx/n/13 ^^S  ...oder sie^^T, un-ter-brach ihn sei-ne M
ut-ter,
 []

(/home/gordon/texmf/tex/generic/pgfornament/vectorian/vectorian89.pgf) [4]
(/home/gordon/texmf/tex/generic/pgfornament/vectorian/vectorian89.pgf) [5]
(/home/gordon/texmf/tex/generic/pgfornament/vectorian/vectorian89.pgf) [6]
Overfull \hbox (3.83748pt too wide) in paragraph at lines 58--59
[]\T1/PTSerifCaption-TLF/bx/n/13 ^^S  Dort gibt es al-lei-ne beim Um-die-Wette-
Laufen
 []


Overfull \hbox (11.78058pt too wide) in paragraph at lines 58--59
\T1/PTSerifCaption-TLF/bx/n/13 vie-le ver-schie-de-ne Dis-zi-pli-nen: 100m, 200
m, 400m,
 []


Overfull \hbox (17.33891pt too wide) in paragraph at lines 58--59
\T1/PTSerifCaption-TLF/bx/n/13 800m, 1500m, 10000m und Ma-ra-thon^^T, ^^S  42.1
95km^^T,
 []

(/home/gordon/texmf/tex/generic/pgfornament/vectorian/vectorian89.pgf) [7]
(/home/gordon/texmf/tex/generic/pgfornament/vectorian/vectorian89.pgf) [8])
(./kapitel/acht.tex
<./bilder/acht_1.png, id=37, 2043.7956pt x 3664.8117pt>
File: ./bilder/acht_1.png Graphic file (type png)
<use ./bilder/acht_1.png>
Package pdftex.def Info: ./bilder/acht_1.png  used on input line 3.
(pdftex.def)             Requested size: 200.64923pt x 359.84047pt.


LaTeX Font Warning: Font shape `T1/cmss/bx/n' in size <50> not available
(Font)              size <35.83> substituted on input line 7.

[9 <./bilder/acht_1.png>]
Package lettrine.sty Info: Targeted height = 37.97942pt
(lettrine.sty)             (no accent, loversize=0),
(lettrine.sty)             Lettrine height = 47.2207pt (W) loversize=.25;
(lettrine.sty)             reported on input line 12.

Underfull \hbox (badness 1248) in paragraph at lines 16--17
\T1/PTSerifCaption-TLF/bx/n/13 so span-nen-de El-tern? Die mach-ten ir-gend-was

 []

(/home/gordon/texmf/tex/generic/pgfornament/vectorian/vectorian89.pgf) [10]
(/home/gordon/texmf/tex/generic/pgfornament/vectorian/vectorian89.pgf) [11]
Underfull \hbox (badness 1331) in paragraph at lines 30--31
\T1/PTSerifCaption-TLF/bx/n/13 der ki-chern al-le, dies-mal weiss aber nie-mand

 []

(/home/gordon/texmf/tex/generic/pgfornament/vectorian/vectorian89.pgf) [12]
Underfull \hbox (badness 1297) in paragraph at lines 46--47
[]\T1/PTSerifCaption-TLF/bx/n/13 ^^S  Das habt ihr nur eu-rem su-per Di-rek-tor
 zu
 []

(/home/gordon/texmf/tex/generic/pgfornament/vectorian/vectorian89.pgf) [13]
Underfull \hbox (badness 1062) in paragraph at lines 54--55
\T1/PTSerifCaption-TLF/bx/n/13 be-rei-tet. Na-tür-lich hat-ten sie den Nach-mit
-tag
 []

(/home/gordon/texmf/tex/generic/pgfornament/vectorian/vectorian89.pgf) [14]
Underfull \hbox (badness 1009) in paragraph at lines 68--69
[]\T1/PTSerifCaption-TLF/bx/n/13 ^^S  Ab-len-ken, wir müs-sen es von den an-de-
ren
 []

(/home/gordon/texmf/tex/generic/pgfornament/vectorian/vectorian89.pgf) [15]
(/home/gordon/texmf/tex/generic/pgfornament/vectorian/vectorian89.pgf) [16]
(/home/gordon/texmf/tex/generic/pgfornament/vectorian/vectorian89.pgf) [17])
(./kapitel/wheterby.tex
Underfull \hbox (badness 1406) in paragraph at lines 100--2
[]\T1/PTSerifCaption-TLF/bx/n/13 Und oh-ne ei-ne Ant-wort ab-zu-war-ten, dreh-t
e
 []


Overfull \hbox (4.5472pt too wide) in paragraph at lines 100--2
\T1/PTSerifCaption-TLF/bx/n/13 auf-trag-te sie, zwei Zoomitarbeiterinnen-Auswei
se
 []


Underfull \hbox (badness 1472) in paragraph at lines 100--2
\T1/PTSerifCaption-TLF/bx/n/13 das war ei-gent-lich ein rie-si-ger Spass. Ers-t
ens
 []

<./bilder/wheterby.png, id=69, 897.7799pt x 659.28891pt>
File: ./bilder/wheterby.png Graphic file (type png)
<use ./bilder/wheterby.png>
Package pdftex.def Info: ./bilder/wheterby.png  used on input line 3.
(pdftex.def)             Requested size: 315.82562pt x 231.93158pt.
[18] (/home/gordon/texmf/tex/generic/pgfornament/vectorian/vectorian89.pgf)
[19 <./bilder/wheterby.png>]
Package lettrine.sty Info: Targeted height = 37.97942pt
(lettrine.sty)             (no accent, loversize=0),
(lettrine.sty)             Lettrine height = 47.47421pt (D) loversize=.25;
(lettrine.sty)             reported on input line 11.

Underfull \hbox (badness 1331) in paragraph at lines 11--12
\T1/PTSerifCaption-TLF/bx/n/13 Küs-te. Schlaglö-cher ma-chen den Kör-per taub.
 []


Underfull \hbox (badness 1762) in paragraph at lines 13--14
\T1/PTSerifCaption-TLF/bx/n/13 sin-nig wur-den oder ganz ver-schwun-den sind,
 []

(/home/gordon/texmf/tex/generic/pgfornament/vectorian/vectorian89.pgf) [20]
(/home/gordon/texmf/tex/generic/pgfornament/vectorian/vectorian89.pgf) [21]
(/home/gordon/texmf/tex/generic/pgfornament/vectorian/vectorian89.pgf) [22]
(/home/gordon/texmf/tex/generic/pgfornament/vectorian/vectorian89.pgf) [23])
(/home/gordon/texmf/tex/generic/pgfornament/vectorian/vectorian89.pgf) [24]

LaTeX Font Warning: Font shape `T1/cmss/m/n' in size <13> not available
(Font)              size <12> substituted on input line 59.


LaTeX Font Warning: Font shape `T1/cmss/bx/n' in size <13> not available
(Font)              size <12> substituted on input line 59.


LaTeX Font Warning: Font shape `T1/cmss/bx/n' in size <26.96207> not available
(Font)              size <24.88> substituted on input line 59.


LaTeX Font Warning: Font shape `T1/cmss/bx/n' in size <32.34409> not available
(Font)              size <29.86> substituted on input line 59.

(./binder.toc)
\tf@toc=\write4
\openout4 = `binder.toc'.

 [25


] (./binder.aux)

LaTeX Font Warning: Size substitutions with differences
(Font)              up to 14.17pt have occurred.


LaTeX Font Warning: Some font shapes were not available, defaults substituted.

 ) 
Here is how much of TeX's memory you used:
 28386 strings out of 492609
 561483 string characters out of 6131461
 742289 words of memory out of 5000000
 31856 multiletter control sequences out of 15000+600000
 559501 words of font info for 48 fonts, out of 8000000 for 9000
 1141 hyphenation exceptions out of 8191
 64i,12n,87p,10088b,588s stack positions out of 5000i,500n,10000p,200000b,80000s
{/home/gordon/texmf/fonts/enc/dvips/cm-super/cm-super-t1.enc}{/home/gordon/te
xmf/fonts/enc/dvips/paratype/ptserif_t1.enc}</home/gordon/texmf/fonts/type1/pub
lic/initials/Kramer.pfb></home/gordon/texmf/fonts/type1/paratype/ptserif/PTZ55F
.pfb></home/gordon/texmf/fonts/type1/paratype/ptserif/PTZ56F.pfb></home/gordon/
texmf/fonts/type1/public/cm-super/sfss3583.pfb></home/gordon/texmf/fonts/type1/
public/cm-super/sfsx1200.pfb></home/gordon/texmf/fonts/type1/public/cm-super/sf
sx2986.pfb></home/gordon/texmf/fonts/type1/public/cm-super/sfsx3583.pfb>
Output written on binder.pdf (25 pages, 8524002 bytes).
PDF statistics:
 125 PDF objects out of 1000 (max. 8388607)
 84 compressed objects within 1 object stream
 0 named destinations out of 1000 (max. 500000)
 28 words of extra memory for PDF output out of 10000 (max. 10000000)

