mktextfm Merriweather
mktextfm Merriweather
mktextfm Merriweather
mktextfm Merriweather/BI
mktextfm Merriweather
mktextfm Merriweather/B
mktextfm Merriweather
mktextfm Merriweather/I
mktextfm Merriweather
mktextfm Merriweather
mktextfm Merriweather
mktextfm Merriweather
mktextfm Merriweather
mktextfm Merriweather
mktextfm Merriweather
mktextfm Merriweather
mktextfm Merriweather
mktextfm Merriweather
mktextfm Merriweather
mktextfm mathb
mktextfm mathb
mktextfm mathb
mktextfm mathb
mktextfm mathb
mktextfm mathb
mktextfm mathb
mktextfm mathb
mktextfm mathb
mktextfm mathb
