This is XeTeX, Version 3.14159265-2.6-0.999991 (TeX Live 2019/Debian) (preloaded format=xelatex 2019.10.28)  13 DEC 2019 05:57
entering extended mode
 restricted \write18 enabled.
 %&-line parsing enabled.
**xbinder
(./xbinder.tex
LaTeX2e <2018-12-01>
(/home/gordon/texmf/tex/latex/koma-script/scrbook.cls
Document Class: scrbook 2019/10/12 v3.27 KOMA-Script document class (book)
(/home/gordon/texmf/tex/latex/koma-script/scrkbase.sty
Package: scrkbase 2019/10/12 v3.27 KOMA-Script package (KOMA-Script-dependent b
asics and keyval usage)

(/home/gordon/texmf/tex/latex/koma-script/scrbase.sty
Package: scrbase 2019/10/12 v3.27 KOMA-Script package (KOMA-Script-independent 
basics and keyval usage)

(/home/gordon/texmf/tex/latex/graphics/keyval.sty
Package: keyval 2014/10/28 v1.15 key=value parser (DPC)
\KV@toks@=\toks14
)
(/home/gordon/texmf/tex/latex/koma-script/scrlfile.sty
Package: scrlfile 2019/10/12 v3.27 KOMA-Script package (loading files)
)))
(/home/gordon/texmf/tex/latex/koma-script/tocbasic.sty
Package: tocbasic 2019/10/12 v3.27 KOMA-Script package (handling toc-files)
\scr@dte@tocline@numberwidth=\skip41
\scr@dte@tocline@numbox=\box27
)
Package tocbasic Info: omitting babel extension for `toc'
(tocbasic)             because of feature `nobabel' available
(tocbasic)             for `toc' on input line 137.

(/home/gordon/texmf/tex/latex/koma-script/typearea.sty
Package: typearea 2019/10/12 v3.27 KOMA-Script package (type area)
\ta@bcor=\skip42
\ta@div=\count80
Package typearea Info: You've used standard option `a5paper'.
(typearea)             This is correct!
(typearea)             Internally I'm using `paper=a5'.
(typearea)             If you'd like to set the option with \KOMAoptions,
(typearea)             you'd have to use `paper=a5' there
(typearea)             instead of `a5paper', too.
\ta@hblk=\skip43
\ta@vblk=\skip44
\ta@temp=\skip45
\footheight=\skip46

DIV calculation for typearea with good linewidth.
Package typearea Info: Maybe no optimal type area settings!
(typearea)             The detected line width is about 24%
(typearea)             smaller than the heuristically estimated maximum
(typearea)             limit of typographical good line width.
(typearea)             You could e.g. increase DIV, decrease fontsize
(typearea)             or change the papersize.
Package typearea Info: These are the values describing the layout:
(typearea)             DIV  = 12
(typearea)             BCOR = 0.0pt
(typearea)             \paperwidth      = 421.10083pt
(typearea)              \textwidth      = 315.82562pt
(typearea)              DIV departure   = 24%
(typearea)              \evensidemargin = -2.08652pt
(typearea)              \oddsidemargin  = -37.17825pt
(typearea)             \paperheight     = 597.50793pt
(typearea)              \textheight     = 449.79889pt
(typearea)              \topmargin      = -65.37753pt
(typearea)              \headheight     = 19.49994pt
(typearea)              \headsep        = 23.39993pt
(typearea)              \topskip        = 13.0pt
(typearea)              \footskip       = 54.59984pt
(typearea)              \baselineskip   = 15.59996pt
(typearea)              on input line 1716.
)
\c@part=\count81
\c@chapter=\count82
\c@section=\count83
\c@subsection=\count84
\c@subsubsection=\count85
\c@paragraph=\count86
\c@subparagraph=\count87
\scr@dte@chapter@maxnumwidth=\skip47
Class scrbook Info: using compatibility default `afterindent=bysign'
(scrbook)           for `\chapter on input line 5521.
\scr@dte@section@maxnumwidth=\skip48
Class scrbook Info: using compatibility default `runin=bysign'
(scrbook)           for `\section on input line 5531.
Class scrbook Info: using compatibility default `afterindent=bysign'
(scrbook)           for `\section on input line 5531.
\scr@dte@part@maxnumwidth=\skip49
Class scrbook Info: using compatibility default `afterindent=true'
(scrbook)           for `\part on input line 5540.
\scr@dte@subsection@maxnumwidth=\skip50
Class scrbook Info: using compatibility default `runin=bysign'
(scrbook)           for `\subsection on input line 5550.
Class scrbook Info: using compatibility default `afterindent=bysign'
(scrbook)           for `\subsection on input line 5550.
\scr@dte@subsubsection@maxnumwidth=\skip51
Class scrbook Info: using compatibility default `runin=bysign'
(scrbook)           for `\subsubsection on input line 5560.
Class scrbook Info: using compatibility default `afterindent=bysign'
(scrbook)           for `\subsubsection on input line 5560.
\scr@dte@paragraph@maxnumwidth=\skip52
Class scrbook Info: using compatibility default `runin=bysign'
(scrbook)           for `\paragraph on input line 5570.
Class scrbook Info: using compatibility default `afterindent=bysign'
(scrbook)           for `\paragraph on input line 5570.
\scr@dte@subparagraph@maxnumwidth=\skip53
Class scrbook Info: using compatibility default `runin=bysign'
(scrbook)           for `\subparagraph on input line 5580.
Class scrbook Info: using compatibility default `afterindent=bysign'
(scrbook)           for `\subparagraph on input line 5580.
\abovecaptionskip=\skip54
\belowcaptionskip=\skip55
\c@pti@nb@sid@b@x=\box28
Package tocbasic Info: omitting babel extension for `lof'
(tocbasic)             because of feature `nobabel' available
(tocbasic)             for `lof' on input line 6810.
\scr@dte@figure@maxnumwidth=\skip56
\c@figure=\count88
Package tocbasic Info: omitting babel extension for `lot'
(tocbasic)             because of feature `nobabel' available
(tocbasic)             for `lot' on input line 6831.
\scr@dte@table@maxnumwidth=\skip57
\c@table=\count89
Class scrbook Info: Redefining `\numberline' on input line 7004.
\bibindent=\dimen102
) (/home/gordon/texmf/tex/generic/babel/babel.sty
Package: babel 2019/11/14 3.36 The Babel package

(/home/gordon/texmf/tex/generic/babel/switch.def
File: switch.def 2019/11/14 3.36 Babel switching mechanism
)
(/home/gordon/texmf/tex/generic/babel-german/ngerman.ldf
Language: ngerman 2018/12/08 v2.11 German support for babel (post-1996 orthogra
phy)

(/home/gordon/texmf/tex/generic/babel-german/ngermanb.ldf
Language: ngermanb 2018/12/08 v2.11 German support for babel (post-1996 orthogr
aphy)

(/home/gordon/texmf/tex/generic/babel/babel.def
File: babel.def 2019/11/14 3.36 Babel common definitions
\babel@savecnt=\count90
\U@D=\dimen103

(/home/gordon/texmf/tex/generic/babel/xebabel.def
(/home/gordon/texmf/tex/generic/babel/txtbabel.def))
\bbl@dirlevel=\count91
)
Package babel Info: Making " an active character on input line 121.
)))
(/home/gordon/texmf/tex/latex/fontspec/fontspec.sty
(/home/gordon/texmf/tex/latex/l3packages/xparse/xparse.sty
(/home/gordon/texmf/tex/latex/l3kernel/expl3.sty
Package: expl3 2019-11-07 L3 programming layer (loader) 

(/home/gordon/texmf/tex/latex/l3kernel/expl3-code.tex
Package: expl3 2019-11-07 L3 programming layer (code)
\c_max_int=\count92
\l_tmpa_int=\count93
\l_tmpb_int=\count94
\g_tmpa_int=\count95
\g_tmpb_int=\count96
\l__seq_internal_a_int=\count97
\l__seq_internal_b_int=\count98
\g__kernel_prg_map_int=\count99
\c__ior_term_noprompt_ior=\count100
\c_log_iow=\count101
\l_iow_line_count_int=\count102
\l__iow_line_target_int=\count103
\l__iow_one_indent_int=\count104
\l__iow_indent_int=\count105
\c_zero_dim=\dimen104
\c_max_dim=\dimen105
\l_tmpa_dim=\dimen106
\l_tmpb_dim=\dimen107
\g_tmpa_dim=\dimen108
\g_tmpb_dim=\dimen109
\c_zero_skip=\skip58
\c_max_skip=\skip59
\l_tmpa_skip=\skip60
\l_tmpb_skip=\skip61
\g_tmpa_skip=\skip62
\g_tmpb_skip=\skip63
\c_zero_muskip=\muskip10
\c_max_muskip=\muskip11
\l_tmpa_muskip=\muskip12
\l_tmpb_muskip=\muskip13
\g_tmpa_muskip=\muskip14
\g_tmpb_muskip=\muskip15
\l_keys_choice_int=\count106
\l__intarray_loop_int=\count107
\c__intarray_sp_dim=\dimen110
\g__intarray_font_int=\count108
\c__fp_leading_shift_int=\count109
\c__fp_middle_shift_int=\count110
\c__fp_trailing_shift_int=\count111
\c__fp_big_leading_shift_int=\count112
\c__fp_big_middle_shift_int=\count113
\c__fp_big_trailing_shift_int=\count114
\c__fp_Bigg_leading_shift_int=\count115
\c__fp_Bigg_middle_shift_int=\count116
\c__fp_Bigg_trailing_shift_int=\count117
\g__fp_array_int=\count118
\l__fp_array_loop_int=\count119
\l__sort_length_int=\count120
\l__sort_min_int=\count121
\l__sort_top_int=\count122
\l__sort_max_int=\count123
\l__sort_true_max_int=\count124
\l__sort_block_int=\count125
\l__sort_begin_int=\count126
\l__sort_end_int=\count127
\l__sort_A_int=\count128
\l__sort_B_int=\count129
\l__sort_C_int=\count130
\l__str_internal_int=\count131
\l__tl_analysis_normal_int=\count132
\l__tl_analysis_index_int=\count133
\l__tl_analysis_nesting_int=\count134
\l__tl_analysis_type_int=\count135
\l__regex_internal_a_int=\count136
\l__regex_internal_b_int=\count137
\l__regex_internal_c_int=\count138
\l__regex_balance_int=\count139
\l__regex_group_level_int=\count140
\l__regex_mode_int=\count141
\c__regex_cs_in_class_mode_int=\count142
\c__regex_cs_mode_int=\count143
\l__regex_catcodes_int=\count144
\l__regex_default_catcodes_int=\count145
\c__regex_catcode_L_int=\count146
\c__regex_catcode_O_int=\count147
\c__regex_catcode_A_int=\count148
\c__regex_all_catcodes_int=\count149
\l__regex_show_lines_int=\count150
\l__regex_min_state_int=\count151
\l__regex_max_state_int=\count152
\l__regex_left_state_int=\count153
\l__regex_right_state_int=\count154
\l__regex_capturing_group_int=\count155
\l__regex_min_pos_int=\count156
\l__regex_max_pos_int=\count157
\l__regex_curr_pos_int=\count158
\l__regex_start_pos_int=\count159
\l__regex_success_pos_int=\count160
\l__regex_curr_char_int=\count161
\l__regex_curr_catcode_int=\count162
\l__regex_last_char_int=\count163
\l__regex_case_changed_char_int=\count164
\l__regex_curr_state_int=\count165
\l__regex_step_int=\count166
\l__regex_min_active_int=\count167
\l__regex_max_active_int=\count168
\l__regex_replacement_csnames_int=\count169
\l__regex_match_count_int=\count170
\l__regex_min_submatch_int=\count171
\l__regex_submatch_int=\count172
\l__regex_zeroth_submatch_int=\count173
\g__regex_trace_regex_int=\count174
\c_empty_box=\box29
\l_tmpa_box=\box30
\l_tmpb_box=\box31
\g_tmpa_box=\box32
\g_tmpb_box=\box33
\l__box_top_dim=\dimen111
\l__box_bottom_dim=\dimen112
\l__box_left_dim=\dimen113
\l__box_right_dim=\dimen114
\l__box_top_new_dim=\dimen115
\l__box_bottom_new_dim=\dimen116
\l__box_left_new_dim=\dimen117
\l__box_right_new_dim=\dimen118
\l__box_internal_box=\box34
\l__coffin_internal_box=\box35
\l__coffin_internal_dim=\dimen119
\l__coffin_offset_x_dim=\dimen120
\l__coffin_offset_y_dim=\dimen121
\l__coffin_x_dim=\dimen122
\l__coffin_y_dim=\dimen123
\l__coffin_x_prime_dim=\dimen124
\l__coffin_y_prime_dim=\dimen125
\c_empty_coffin=\box36
\l__coffin_aligned_coffin=\box37
\l__coffin_aligned_internal_coffin=\box38
\l_tmpa_coffin=\box39
\l_tmpb_coffin=\box40
\g_tmpa_coffin=\box41
\g_tmpb_coffin=\box42
\l__coffin_bounding_shift_dim=\dimen126
\l__coffin_left_corner_dim=\dimen127
\l__coffin_right_corner_dim=\dimen128
\l__coffin_bottom_corner_dim=\dimen129
\l__coffin_top_corner_dim=\dimen130
\l__coffin_scaled_total_height_dim=\dimen131
\l__coffin_scaled_width_dim=\dimen132
\c__coffin_empty_coffin=\box43
\l__coffin_display_coffin=\box44
\l__coffin_display_coord_coffin=\box45
\l__coffin_display_pole_coffin=\box46
\l__coffin_display_offset_dim=\dimen133
\l__coffin_display_x_dim=\dimen134
\l__coffin_display_y_dim=\dimen135
\g__char_data_ior=\read1

(/home/gordon/texmf/tex/latex/l3kernel/l3deprecation.def
File: l3deprecation.def 2019-04-06 v L3 Deprecated functions
))
(/home/gordon/texmf/tex/latex/l3backend/l3backend-xdvipdfmx.def
File: l3backend-xdvipdfmx.def 2019-04-06 L3 backend support: xdvipdfmx
\g__graphics_track_int=\count175
\l__pdf_internal_box=\box47
\g__pdf_backend_object_int=\count176
\g__pdf_backend_annotation_int=\count177
))
Package: xparse 2019-10-11 L3 Experimental document command parser
\l__xparse_current_arg_int=\count178
\g__xparse_grabber_int=\count179
\l__xparse_m_args_int=\count180
\l__xparse_v_nesting_int=\count181
)
Package: fontspec 2019/10/19 v2.7d Font selection for XeLaTeX and LuaLaTeX

(/home/gordon/texmf/tex/latex/fontspec/fontspec-xetex.sty
Package: fontspec-xetex 2019/10/19 v2.7d Font selection for XeLaTeX and LuaLaTe
X
\l__fontspec_script_int=\count182
\l__fontspec_language_int=\count183
\l__fontspec_strnum_int=\count184
\l__fontspec_tmp_int=\count185
\l__fontspec_tmpa_int=\count186
\l__fontspec_tmpb_int=\count187
\l__fontspec_tmpc_int=\count188
\l__fontspec_em_int=\count189
\l__fontspec_emdef_int=\count190
\l__fontspec_strong_int=\count191
\l__fontspec_strongdef_int=\count192
\l__fontspec_tmpa_dim=\dimen136
\l__fontspec_tmpb_dim=\dimen137
\l__fontspec_tmpc_dim=\dimen138

(/home/gordon/texmf/tex/latex/base/fontenc.sty
Package: fontenc 2018/08/11 v2.0j Standard LaTeX package

(/home/gordon/texmf/tex/latex/base/tuenc.def
File: tuenc.def 2018/08/11 v2.0j Standard LaTeX file
LaTeX Font Info:    Redeclaring font encoding TU on input line 82.
))
(/home/gordon/texmf/tex/latex/fontspec/fontspec.cfg)
LaTeX Info: Redefining \itshape on input line 4047.
LaTeX Info: Redefining \slshape on input line 4052.
LaTeX Info: Redefining \scshape on input line 4057.
LaTeX Info: Redefining \upshape on input line 4062.
LaTeX Info: Redefining \em on input line 4092.
LaTeX Info: Redefining \emph on input line 4117.
))

Package fontspec Info: Could not resolve font "Merriweather/BI" (it probably
(fontspec)             doesn't exist).


Package fontspec Info: Could not resolve font "Merriweather/B" (it probably
(fontspec)             doesn't exist).


Package fontspec Info: Could not resolve font "Merriweather/I" (it probably
(fontspec)             doesn't exist).


Package fontspec Info: Font family 'Merriweather(0)' created for font
(fontspec)             'Merriweather' with options [Ligatures=TeX].
(fontspec)              
(fontspec)              This font family consists of the following NFSS
(fontspec)             series/shapes:
(fontspec)              
(fontspec)             - 'normal' (m/n) with NFSS spec.:
(fontspec)             <->"Merriweather/OT:script=latn;language=DFLT;mapping=te
x-text;"
(fontspec)             - 'small caps'  (m/sc) with NFSS spec.: 

LaTeX Info: Redefining \rmfamily on input line 5.

Package fontspec Info: Font family 'OpenSans(0)' created for font 'Open Sans'
(fontspec)             with options [Ligatures=TeX].
(fontspec)              
(fontspec)              This font family consists of the following NFSS
(fontspec)             series/shapes:
(fontspec)              
(fontspec)             - 'normal' (m/n) with NFSS spec.: <->"Open
(fontspec)             Sans/OT:script=latn;language=DFLT;mapping=tex-text;"
(fontspec)             - 'small caps'  (m/sc) with NFSS spec.: 
(fontspec)             - 'bold' (bx/n) with NFSS spec.: <->"Open
(fontspec)             Sans/B/OT:script=latn;language=DFLT;mapping=tex-text;"
(fontspec)             - 'bold small caps'  (bx/sc) with NFSS spec.: 
(fontspec)             - 'italic' (m/it) with NFSS spec.: <->"Open
(fontspec)             Sans/I/OT:script=latn;language=DFLT;mapping=tex-text;"
(fontspec)             - 'italic small caps'  (m/itsc) with NFSS spec.: 
(fontspec)             - 'bold italic' (bx/it) with NFSS spec.: <->"Open
(fontspec)             Sans/BI/OT:script=latn;language=DFLT;mapping=tex-text;"
(fontspec)             - 'bold italic small caps'  (bx/itsc) with NFSS spec.: 

LaTeX Info: Redefining \sffamily on input line 6.

Package fontspec Info: Font family 'FreeMono(0)' created for font 'FreeMono'
(fontspec)             with options
(fontspec)             [WordSpace={1,0,0},HyphenChar=None,PunctuationSpace=Word
Space].
(fontspec)              
(fontspec)              This font family consists of the following NFSS
(fontspec)             series/shapes:
(fontspec)              
(fontspec)             - 'normal' (m/n) with NFSS spec.:
(fontspec)             <->"FreeMono/OT:script=latn;language=DFLT;"
(fontspec)             - 'small caps'  (m/sc) with NFSS spec.: 
(fontspec)             and font adjustment code:
(fontspec)             \fontdimen 2\font =1\fontdimen 2\font \fontdimen 3\font
(fontspec)             =0\fontdimen 3\font \fontdimen 4\font =0\fontdimen
(fontspec)             4\font \fontdimen 7\font =0\fontdimen 2\font
(fontspec)             \tex_hyphenchar:D \font =-1\scan_stop: 
(fontspec)             - 'bold' (bx/n) with NFSS spec.:
(fontspec)             <->"FreeMono/B/OT:script=latn;language=DFLT;"
(fontspec)             - 'bold small caps'  (bx/sc) with NFSS spec.: 
(fontspec)             and font adjustment code:
(fontspec)             \fontdimen 2\font =1\fontdimen 2\font \fontdimen 3\font
(fontspec)             =0\fontdimen 3\font \fontdimen 4\font =0\fontdimen
(fontspec)             4\font \fontdimen 7\font =0\fontdimen 2\font
(fontspec)             \tex_hyphenchar:D \font =-1\scan_stop: 
(fontspec)             - 'italic' (m/it) with NFSS spec.:
(fontspec)             <->"FreeMono/I/OT:script=latn;language=DFLT;"
(fontspec)             - 'italic small caps'  (m/itsc) with NFSS spec.: 
(fontspec)             and font adjustment code:
(fontspec)             \fontdimen 2\font =1\fontdimen 2\font \fontdimen 3\font
(fontspec)             =0\fontdimen 3\font \fontdimen 4\font =0\fontdimen
(fontspec)             4\font \fontdimen 7\font =0\fontdimen 2\font
(fontspec)             \tex_hyphenchar:D \font =-1\scan_stop: 
(fontspec)             - 'bold italic' (bx/it) with NFSS spec.:
(fontspec)             <->"FreeMono/BI/OT:script=latn;language=DFLT;"
(fontspec)             - 'bold italic small caps'  (bx/itsc) with NFSS spec.: 
(fontspec)             and font adjustment code:
(fontspec)             \fontdimen 2\font =1\fontdimen 2\font \fontdimen 3\font
(fontspec)             =0\fontdimen 3\font \fontdimen 4\font =0\fontdimen
(fontspec)             4\font \fontdimen 7\font =0\fontdimen 2\font
(fontspec)             \tex_hyphenchar:D \font =-1\scan_stop: 

LaTeX Info: Redefining \ttfamily on input line 7.

Package fontspec Info: Font family 'NotoSansHebrew(0)' created for font 'Noto
(fontspec)             Sans Hebrew' with options
(fontspec)             [BoldFont={},ItalicFont={},SmallCapsFont={}].
(fontspec)              
(fontspec)              This font family consists of the following NFSS
(fontspec)             series/shapes:
(fontspec)              
(fontspec)             - 'normal' (m/n) with NFSS spec.: <->"Noto Sans
(fontspec)             Hebrew/OT:script=DFLT;language=DFLT;"
(fontspec)             - 'small caps'  (m/sc) with NFSS spec.: 


Package fontspec Info: Font family 'NotoSansTamil(0)' created for font 'Noto
(fontspec)             Sans Tamil' with options
(fontspec)             [BoldFont={},ItalicFont={},SmallCapsFont={}].
(fontspec)              
(fontspec)              This font family consists of the following NFSS
(fontspec)             series/shapes:
(fontspec)              
(fontspec)             - 'normal' (m/n) with NFSS spec.: <->"Noto Sans
(fontspec)             Tamil/OT"
(fontspec)             - 'small caps'  (m/sc) with NFSS spec.: 


Package fontspec Info: Font family 'NotoSansThai(0)' created for font 'Noto
(fontspec)             Sans Thai' with options
(fontspec)             [BoldFont={},ItalicFont={},SmallCapsFont={}].
(fontspec)              
(fontspec)              This font family consists of the following NFSS
(fontspec)             series/shapes:
(fontspec)              
(fontspec)             - 'normal' (m/n) with NFSS spec.: <->"Noto Sans
(fontspec)             Thai/OT:script=DFLT;language=DFLT;"
(fontspec)             - 'small caps'  (m/sc) with NFSS spec.: 


Package fontspec Info: Font family 'NotoSansGeorgian(0)' created for font
(fontspec)             'Noto Sans Georgian' with options
(fontspec)             [BoldFont={},ItalicFont={},SmallCapsFont={}].
(fontspec)              
(fontspec)              This font family consists of the following NFSS
(fontspec)             series/shapes:
(fontspec)              
(fontspec)             - 'normal' (m/n) with NFSS spec.: <->"Noto Sans
(fontspec)             Georgian/OT"
(fontspec)             - 'small caps'  (m/sc) with NFSS spec.: 


Package fontspec Info: Font family 'NotoSansDevanagari(0)' created for font
(fontspec)             'Noto Sans Devanagari' with options
(fontspec)             [BoldFont={},ItalicFont={},SmallCapsFont={}].
(fontspec)              
(fontspec)              This font family consists of the following NFSS
(fontspec)             series/shapes:
(fontspec)              
(fontspec)             - 'normal' (m/n) with NFSS spec.: <->"Noto Sans
(fontspec)             Devanagari/OT:script=latn;language=DFLT;"
(fontspec)             - 'small caps'  (m/sc) with NFSS spec.: 


Package fontspec Info: Font family 'NotoSansCJKJP(0)' created for font 'Noto
(fontspec)             Sans CJK JP' with options
(fontspec)             [BoldFont={},ItalicFont={},SmallCapsFont={}].
(fontspec)              
(fontspec)              This font family consists of the following NFSS
(fontspec)             series/shapes:
(fontspec)              
(fontspec)             - 'normal' (m/n) with NFSS spec.: <->"Noto Sans CJK
(fontspec)             JP/OT:script=latn;language=DFLT;"
(fontspec)             - 'small caps'  (m/sc) with NFSS spec.: 


Package fontspec Info: Font family 'NotoSansArabic(0)' created for font 'Noto
(fontspec)             Sans Arabic' with options
(fontspec)             [BoldFont={},ItalicFont={},SmallCapsFont={}].
(fontspec)              
(fontspec)              This font family consists of the following NFSS
(fontspec)             series/shapes:
(fontspec)              
(fontspec)             - 'normal' (m/n) with NFSS spec.: <->"Noto Sans
(fontspec)             Arabic/OT:script=DFLT;language=DFLT;"
(fontspec)             - 'small caps'  (m/sc) with NFSS spec.: 


Package fontspec Info: Font family 'NotoSansYi(0)' created for font 'Noto Sans
(fontspec)             Yi' with options
(fontspec)             [BoldFont={},ItalicFont={},SmallCapsFont={}].
(fontspec)              
(fontspec)              This font family consists of the following NFSS
(fontspec)             series/shapes:
(fontspec)              
(fontspec)             - 'normal' (m/n) with NFSS spec.: <->"Noto Sans Yi/OT"
(fontspec)             - 'small caps'  (m/sc) with NFSS spec.: 


(/home/gordon/texmf/tex/latex/xcolor/xcolor.sty
Package: xcolor 2016/05/11 v2.12 LaTeX color extensions (UK)

(/home/gordon/texmf/tex/latex/graphics-cfg/color.cfg
File: color.cfg 2016/01/02 v1.6 sample color configuration
)
Package xcolor Info: Driver file: xetex.def on input line 225.

(/home/gordon/texmf/tex/latex/graphics-def/xetex.def
File: xetex.def 2017/06/24 v5.0h Graphics/color driver for xetex
)
Package xcolor Info: Model `cmy' substituted by `cmy0' on input line 1348.
Package xcolor Info: Model `RGB' extended on input line 1364.
Package xcolor Info: Model `HTML' substituted by `rgb' on input line 1366.
Package xcolor Info: Model `Hsb' substituted by `hsb' on input line 1367.
Package xcolor Info: Model `tHsb' substituted by `hsb' on input line 1368.
Package xcolor Info: Model `HSB' substituted by `hsb' on input line 1369.
Package xcolor Info: Model `Gray' substituted by `gray' on input line 1370.
Package xcolor Info: Model `wave' substituted by `hsb' on input line 1371.

(/home/gordon/texmf/tex/latex/xcolor/svgnam.def
File: svgnam.def 2016/05/11 v2.12 Predefined colors according to SVG 1.1 (UK)
))
(/home/gordon/texmf/tex/latex/base/inputenc.sty
Package: inputenc 2018/08/11 v1.3c Input encoding file
\inpenc@prehook=\toks15
\inpenc@posthook=\toks16


Package inputenc Warning: inputenc package ignored with utf8 based engines.

) (/home/gordon/texmf/tex/latex/csquotes/csquotes.sty
Package: csquotes 2019-12-02 v5.2i context-sensitive quotations (JAW)

(/home/gordon/texmf/tex/latex/etoolbox/etoolbox.sty
Package: etoolbox 2019/09/21 v2.5h e-TeX tools for LaTeX (JAW)
\etb@tempcnta=\count193
)
\csq@reset=\count194
\csq@gtype=\count195
\csq@glevel=\count196
\csq@qlevel=\count197
\csq@maxlvl=\count198
\csq@tshold=\count199
\csq@ltx@everypar=\toks17

(/home/gordon/texmf/tex/latex/csquotes/csquotes.def
File: csquotes.def 2019-12-02 v5.2i csquotes generic definitions (JAW)
)
Package csquotes Info: Trying to load configuration file 'csquotes.cfg'...
Package csquotes Info: ... configuration file loaded successfully.

(/home/gordon/texmf/tex/latex/csquotes/csquotes.cfg
File: csquotes.cfg 
)
Package csquotes Info: Redefining alias 'german' -> 'german/swiss'.
)
(/home/gordon/texmf/tex/latex/lettrine/lettrine.sty
File: lettrine.sty 2019-04-06 v2.22 (Daniel Flipo)

(/home/gordon/texmf/tex/generic/minifp/minifp.sty
Package: minifp 2013/12/30 v0.96. Macros for real number operations and a stack
-based programing language.
\MFP@loopctr=\count266
)
\c@DefaultLines=\count267
\c@DefaultDepth=\count268
\DefaultFindent=\dimen139
\DefaultNindent=\dimen140
\DefaultSlope=\dimen141
\DiscardVskip=\dimen142
\L@lbox=\box48
\L@tbox=\box49
\c@L@lines=\count269
\c@L@depth=\count270
\L@Pindent=\dimen143
\L@Findent=\dimen144
\L@Nindent=\dimen145
\L@lraise=\dimen146
\L@first=\dimen147
\L@next=\dimen148
\L@slope=\dimen149
\L@height=\dimen150
\L@novskip=\dimen151
\L@target@ht=\dimen152
\L@target@dp=\dimen153
\L@target@tht=\dimen154
\LettrineWidth=\dimen155
\LettrineHeight=\dimen156
\LettrineDepth=\dimen157
\Llist@everypar=\toks18

Loading lettrine.cfg
(/home/gordon/texmf/tex/latex/lettrine/lettrine.cfg))
(/home/gordon/texmf/tex/latex/initials/Kramer.fd
File: Kramer.fd 2003/04/02 Font definition file for U/Kramer
)

Package fontspec Info: Font family 'Kramer(0)' created for font 'Kramer' with
(fontspec)             options [BoldFont={},ItalicFont={},SmallCapsFont={}].
(fontspec)              
(fontspec)              This font family consists of the following NFSS
(fontspec)             series/shapes:
(fontspec)              
(fontspec)             - 'normal' (m/n) with NFSS spec.: <->"Kramer"
(fontspec)             - 'small caps'  (m/sc) with NFSS spec.: 


(/home/gordon/texmf/tex/latex/koma-script/scrlayer-scrpage.sty
Package: scrlayer-scrpage 2019/10/12 v3.27 KOMA-Script package (end user interf
ace for scrlayer)

(/home/gordon/texmf/tex/latex/koma-script/scrlayer.sty
Package: scrlayer 2019/10/12 v3.27 KOMA-Script package (defining layers and pag
e styles)
Package scrlayer Info: Using already defined \footheight
(scrlayer)             hoping, that this is a length and
(scrlayer)             not only a macro on input line 109.
Package scrlayer Info: patching LaTeX kernel macro \pagestyle on input line 208
3.
)
Package scrlayer-scrpage Info: Makeing stand-alone element `pagehead' from
(scrlayer-scrpage)             alias to `pageheadfoot' on input line 1244.
Package scrlayer-scrpage Info: deactivating warning for font element
(scrlayer-scrpage)             `pagefoot' on input line 1271.
)
Package scrlayer-scrpage Info: auto-selection of `pagestyleset=KOMA-Script'.

(/home/gordon/texmf/tex/latex/graphics/graphicx.sty
Package: graphicx 2017/06/01 v1.1a Enhanced LaTeX Graphics (DPC,SPQR)

(/home/gordon/texmf/tex/latex/graphics/graphics.sty
Package: graphics 2019/11/01 v1.3d Standard LaTeX Graphics (DPC,SPQR)

(/home/gordon/texmf/tex/latex/graphics/trig.sty
Package: trig 2016/01/03 v1.10 sin cos tan (DPC)
)
(/home/gordon/texmf/tex/latex/graphics-cfg/graphics.cfg
File: graphics.cfg 2016/06/04 v1.11 sample graphics configuration
)
Package graphics Info: Driver file: xetex.def on input line 105.
)
\Gin@req@height=\dimen158
\Gin@req@width=\dimen159
)
(/home/gordon/texmf/tex/latex/pgf/frontendlayer/tikz.sty
(/home/gordon/texmf/tex/latex/pgf/basiclayer/pgf.sty
(/home/gordon/texmf/tex/latex/pgf/utilities/pgfrcs.sty
(/home/gordon/texmf/tex/generic/pgf/utilities/pgfutil-common.tex
\pgfutil@everybye=\toks19
\pgfutil@tempdima=\dimen160
\pgfutil@tempdimb=\dimen161

(/home/gordon/texmf/tex/generic/pgf/utilities/pgfutil-common-lists.tex))
(/home/gordon/texmf/tex/generic/pgf/utilities/pgfutil-latex.def
\pgfutil@abb=\box50

(/home/gordon/texmf/tex/latex/ms/everyshi.sty
Package: everyshi 2001/05/15 v3.00 EveryShipout Package (MS)
))
(/home/gordon/texmf/tex/generic/pgf/utilities/pgfrcs.code.tex
(/home/gordon/texmf/tex/generic/pgf/pgf.revision.tex)
Package: pgfrcs 2019/08/03 v3.1.4b (3.1.4b)
))
Package: pgf 2019/08/03 v3.1.4b (3.1.4b)

(/home/gordon/texmf/tex/latex/pgf/basiclayer/pgfcore.sty
(/home/gordon/texmf/tex/latex/pgf/systemlayer/pgfsys.sty
(/home/gordon/texmf/tex/generic/pgf/systemlayer/pgfsys.code.tex
Package: pgfsys 2019/08/03 v3.1.4b (3.1.4b)

(/home/gordon/texmf/tex/generic/pgf/utilities/pgfkeys.code.tex
\pgfkeys@pathtoks=\toks20
\pgfkeys@temptoks=\toks21

(/home/gordon/texmf/tex/generic/pgf/utilities/pgfkeysfiltered.code.tex
\pgfkeys@tmptoks=\toks22
))
\pgf@x=\dimen162
\pgf@y=\dimen163
\pgf@xa=\dimen164
\pgf@ya=\dimen165
\pgf@xb=\dimen166
\pgf@yb=\dimen167
\pgf@xc=\dimen168
\pgf@yc=\dimen169
\pgf@xd=\dimen170
\pgf@yd=\dimen171
\w@pgf@writea=\write3
\r@pgf@reada=\read2
\c@pgf@counta=\count271
\c@pgf@countb=\count272
\c@pgf@countc=\count273
\c@pgf@countd=\count274
\t@pgf@toka=\toks23
\t@pgf@tokb=\toks24
\t@pgf@tokc=\toks25
\pgf@sys@id@count=\count275

(/home/gordon/texmf/tex/generic/pgf/systemlayer/pgf.cfg
File: pgf.cfg 2019/08/03 v3.1.4b (3.1.4b)
)
Driver file for pgf: pgfsys-xetex.def

(/home/gordon/texmf/tex/generic/pgf/systemlayer/pgfsys-xetex.def
File: pgfsys-xetex.def 2019/08/03 v3.1.4b (3.1.4b)

(/home/gordon/texmf/tex/generic/pgf/systemlayer/pgfsys-dvipdfmx.def
File: pgfsys-dvipdfmx.def 2019/08/03 v3.1.4b (3.1.4b)

(/home/gordon/texmf/tex/generic/pgf/systemlayer/pgfsys-common-pdf.def
File: pgfsys-common-pdf.def 2019/08/03 v3.1.4b (3.1.4b)
)
\pgfsys@objnum=\count276
)))
(/home/gordon/texmf/tex/generic/pgf/systemlayer/pgfsyssoftpath.code.tex
File: pgfsyssoftpath.code.tex 2019/08/03 v3.1.4b (3.1.4b)
\pgfsyssoftpath@smallbuffer@items=\count277
\pgfsyssoftpath@bigbuffer@items=\count278
)
(/home/gordon/texmf/tex/generic/pgf/systemlayer/pgfsysprotocol.code.tex
File: pgfsysprotocol.code.tex 2019/08/03 v3.1.4b (3.1.4b)
))
(/home/gordon/texmf/tex/generic/pgf/basiclayer/pgfcore.code.tex
Package: pgfcore 2019/08/03 v3.1.4b (3.1.4b)

(/home/gordon/texmf/tex/generic/pgf/math/pgfmath.code.tex
(/home/gordon/texmf/tex/generic/pgf/math/pgfmathcalc.code.tex
(/home/gordon/texmf/tex/generic/pgf/math/pgfmathutil.code.tex)
(/home/gordon/texmf/tex/generic/pgf/math/pgfmathparser.code.tex
\pgfmath@dimen=\dimen172
\pgfmath@count=\count279
\pgfmath@box=\box51
\pgfmath@toks=\toks26
\pgfmath@stack@operand=\toks27
\pgfmath@stack@operation=\toks28
)
(/home/gordon/texmf/tex/generic/pgf/math/pgfmathfunctions.code.tex
(/home/gordon/texmf/tex/generic/pgf/math/pgfmathfunctions.basic.code.tex)
(/home/gordon/texmf/tex/generic/pgf/math/pgfmathfunctions.trigonometric.code.te
x) (/home/gordon/texmf/tex/generic/pgf/math/pgfmathfunctions.random.code.tex)
(/home/gordon/texmf/tex/generic/pgf/math/pgfmathfunctions.comparison.code.tex)
(/home/gordon/texmf/tex/generic/pgf/math/pgfmathfunctions.base.code.tex)
(/home/gordon/texmf/tex/generic/pgf/math/pgfmathfunctions.round.code.tex)
(/home/gordon/texmf/tex/generic/pgf/math/pgfmathfunctions.misc.code.tex)
(/home/gordon/texmf/tex/generic/pgf/math/pgfmathfunctions.integerarithmetics.co
de.tex))) (/home/gordon/texmf/tex/generic/pgf/math/pgfmathfloat.code.tex
\c@pgfmathroundto@lastzeros=\count280
))
(/home/gordon/texmf/tex/generic/pgf/math/pgfint.code.tex)
(/home/gordon/texmf/tex/generic/pgf/basiclayer/pgfcorepoints.code.tex
File: pgfcorepoints.code.tex 2019/08/03 v3.1.4b (3.1.4b)
\pgf@picminx=\dimen173
\pgf@picmaxx=\dimen174
\pgf@picminy=\dimen175
\pgf@picmaxy=\dimen176
\pgf@pathminx=\dimen177
\pgf@pathmaxx=\dimen178
\pgf@pathminy=\dimen179
\pgf@pathmaxy=\dimen180
\pgf@xx=\dimen181
\pgf@xy=\dimen182
\pgf@yx=\dimen183
\pgf@yy=\dimen184
\pgf@zx=\dimen185
\pgf@zy=\dimen186
)
(/home/gordon/texmf/tex/generic/pgf/basiclayer/pgfcorepathconstruct.code.tex
File: pgfcorepathconstruct.code.tex 2019/08/03 v3.1.4b (3.1.4b)
\pgf@path@lastx=\dimen187
\pgf@path@lasty=\dimen188
)
(/home/gordon/texmf/tex/generic/pgf/basiclayer/pgfcorepathusage.code.tex
File: pgfcorepathusage.code.tex 2019/08/03 v3.1.4b (3.1.4b)
\pgf@shorten@end@additional=\dimen189
\pgf@shorten@start@additional=\dimen190
)
(/home/gordon/texmf/tex/generic/pgf/basiclayer/pgfcorescopes.code.tex
File: pgfcorescopes.code.tex 2019/08/03 v3.1.4b (3.1.4b)
\pgfpic=\box52
\pgf@hbox=\box53
\pgf@layerbox@main=\box54
\pgf@picture@serial@count=\count281
)
(/home/gordon/texmf/tex/generic/pgf/basiclayer/pgfcoregraphicstate.code.tex
File: pgfcoregraphicstate.code.tex 2019/08/03 v3.1.4b (3.1.4b)
\pgflinewidth=\dimen191
)
(/home/gordon/texmf/tex/generic/pgf/basiclayer/pgfcoretransformations.code.tex
File: pgfcoretransformations.code.tex 2019/08/03 v3.1.4b (3.1.4b)
\pgf@pt@x=\dimen192
\pgf@pt@y=\dimen193
\pgf@pt@temp=\dimen194
) (/home/gordon/texmf/tex/generic/pgf/basiclayer/pgfcorequick.code.tex
File: pgfcorequick.code.tex 2019/08/03 v3.1.4b (3.1.4b)
)
(/home/gordon/texmf/tex/generic/pgf/basiclayer/pgfcoreobjects.code.tex
File: pgfcoreobjects.code.tex 2019/08/03 v3.1.4b (3.1.4b)
)
(/home/gordon/texmf/tex/generic/pgf/basiclayer/pgfcorepathprocessing.code.tex
File: pgfcorepathprocessing.code.tex 2019/08/03 v3.1.4b (3.1.4b)
)
(/home/gordon/texmf/tex/generic/pgf/basiclayer/pgfcorearrows.code.tex
File: pgfcorearrows.code.tex 2019/08/03 v3.1.4b (3.1.4b)
\pgfarrowsep=\dimen195
)
(/home/gordon/texmf/tex/generic/pgf/basiclayer/pgfcoreshade.code.tex
File: pgfcoreshade.code.tex 2019/08/03 v3.1.4b (3.1.4b)
\pgf@max=\dimen196
\pgf@sys@shading@range@num=\count282
\pgf@shadingcount=\count283
)
(/home/gordon/texmf/tex/generic/pgf/basiclayer/pgfcoreimage.code.tex
File: pgfcoreimage.code.tex 2019/08/03 v3.1.4b (3.1.4b)

(/home/gordon/texmf/tex/generic/pgf/basiclayer/pgfcoreexternal.code.tex
File: pgfcoreexternal.code.tex 2019/08/03 v3.1.4b (3.1.4b)
\pgfexternal@startupbox=\box55
))
(/home/gordon/texmf/tex/generic/pgf/basiclayer/pgfcorelayers.code.tex
File: pgfcorelayers.code.tex 2019/08/03 v3.1.4b (3.1.4b)
)
(/home/gordon/texmf/tex/generic/pgf/basiclayer/pgfcoretransparency.code.tex
File: pgfcoretransparency.code.tex 2019/08/03 v3.1.4b (3.1.4b)
)
(/home/gordon/texmf/tex/generic/pgf/basiclayer/pgfcorepatterns.code.tex
File: pgfcorepatterns.code.tex 2019/08/03 v3.1.4b (3.1.4b)
)
(/home/gordon/texmf/tex/generic/pgf/basiclayer/pgfcorerdf.code.tex
File: pgfcorerdf.code.tex 2019/08/03 v3.1.4b (3.1.4b)
)))
(/home/gordon/texmf/tex/generic/pgf/modules/pgfmoduleshapes.code.tex
File: pgfmoduleshapes.code.tex 2019/08/03 v3.1.4b (3.1.4b)
\pgfnodeparttextbox=\box56
)
(/home/gordon/texmf/tex/generic/pgf/modules/pgfmoduleplot.code.tex
File: pgfmoduleplot.code.tex 2019/08/03 v3.1.4b (3.1.4b)
)
(/home/gordon/texmf/tex/latex/pgf/compatibility/pgfcomp-version-0-65.sty
Package: pgfcomp-version-0-65 2019/08/03 v3.1.4b (3.1.4b)
\pgf@nodesepstart=\dimen197
\pgf@nodesepend=\dimen198
)
(/home/gordon/texmf/tex/latex/pgf/compatibility/pgfcomp-version-1-18.sty
Package: pgfcomp-version-1-18 2019/08/03 v3.1.4b (3.1.4b)
))
(/home/gordon/texmf/tex/latex/pgf/utilities/pgffor.sty
(/home/gordon/texmf/tex/latex/pgf/utilities/pgfkeys.sty
(/home/gordon/texmf/tex/generic/pgf/utilities/pgfkeys.code.tex))
(/home/gordon/texmf/tex/latex/pgf/math/pgfmath.sty
(/home/gordon/texmf/tex/generic/pgf/math/pgfmath.code.tex))
(/home/gordon/texmf/tex/generic/pgf/utilities/pgffor.code.tex
Package: pgffor 2019/08/03 v3.1.4b (3.1.4b)

(/home/gordon/texmf/tex/generic/pgf/math/pgfmath.code.tex)
\pgffor@iter=\dimen199
\pgffor@skip=\dimen256
\pgffor@stack=\toks29
\pgffor@toks=\toks30
))
(/home/gordon/texmf/tex/generic/pgf/frontendlayer/tikz/tikz.code.tex
Package: tikz 2019/08/03 v3.1.4b (3.1.4b)

(/home/gordon/texmf/tex/generic/pgf/libraries/pgflibraryplothandlers.code.tex
File: pgflibraryplothandlers.code.tex 2019/08/03 v3.1.4b (3.1.4b)
\pgf@plot@mark@count=\count284
\pgfplotmarksize=\dimen257
)
\tikz@lastx=\dimen258
\tikz@lasty=\dimen259
\tikz@lastxsaved=\dimen260
\tikz@lastysaved=\dimen261
\tikz@lastmovetox=\dimen262
\tikz@lastmovetoy=\dimen263
\tikzleveldistance=\dimen264
\tikzsiblingdistance=\dimen265
\tikz@figbox=\box57
\tikz@figbox@bg=\box58
\tikz@tempbox=\box59
\tikz@tempbox@bg=\box60
\tikztreelevel=\count285
\tikznumberofchildren=\count286
\tikznumberofcurrentchild=\count287
\tikz@fig@count=\count288

(/home/gordon/texmf/tex/generic/pgf/modules/pgfmodulematrix.code.tex
File: pgfmodulematrix.code.tex 2019/08/03 v3.1.4b (3.1.4b)
\pgfmatrixcurrentrow=\count289
\pgfmatrixcurrentcolumn=\count290
\pgf@matrix@numberofcolumns=\count291
)
\tikz@expandcount=\count292

(/home/gordon/texmf/tex/generic/pgf/frontendlayer/tikz/libraries/tikzlibrarytop
aths.code.tex
File: tikzlibrarytopaths.code.tex 2019/08/03 v3.1.4b (3.1.4b)
)))
DIV calculation for typearea with good linewidth.
Package typearea Info: Maybe no optimal type area settings!
(typearea)             The detected line width is about 34%
(typearea)             smaller than the heuristically estimated maximum
(typearea)             limit of typographical good line width.
(typearea)             You could e.g. increase DIV, decrease fontsize
(typearea)             or change the papersize.
Package typearea Info: These are the values describing the layout:
(typearea)             DIV  = 12
(typearea)             BCOR = 0.0pt
(typearea)             \paperwidth      = 421.10083pt
(typearea)              \textwidth      = 315.82562pt
(typearea)              DIV departure   = 34%
(typearea)              \evensidemargin = -2.08652pt
(typearea)              \oddsidemargin  = -37.17825pt
(typearea)             \paperheight     = 597.50793pt
(typearea)              \textheight     = 449.79889pt
(typearea)              \topmargin      = -65.37753pt
(typearea)              \headheight     = 19.49994pt
(typearea)              \headsep        = 23.39993pt
(typearea)              \topskip        = 13.0pt
(typearea)              \footskip       = 54.59984pt
(typearea)              \baselineskip   = 15.59996pt
(typearea)              on input line 43.
(/home/gordon/texmf/tex/latex/pgfornament/pgfornament.sty
(/home/gordon/texmf/tex/latex/pgfopts/pgfopts.sty
Package: pgfopts 2014/07/10 v2.1a LaTeX package options with pgfkeys
\pgfopts@list@add@a@toks=\toks31
\pgfopts@list@add@b@toks=\toks32
)
Package: pgfornament 2016/03/05 v0.21 vector ornaments

(/home/gordon/texmf/tex/latex/pgfornament/pgflibraryvectorian.code.tex))
(/home/gordon/texmf/tex/latex/circledsteps/circledsteps.sty
Package: circledsteps 2019/11/01 v1.1 Circled steps that you can reference

(/home/gordon/texmf/tex/latex/pict2e/pict2e.sty
Package: pict2e 2019/08/20 v0.3c Improved picture commands (HjG,RN,JT)

(/home/gordon/texmf/tex/latex/pict2e/pict2e.cfg
File: pict2e.cfg 2016/02/05 v0.1u pict2e configuration for teTeX/TeXLive
)
Package pict2e Info: Driver file: xetex.def on input line 119.
Package pict2e Info: Driver file for pict2e: p2e-xetex.def on input line 121.

(/home/gordon/texmf/tex/latex/pict2e/p2e-xetex.def
File: p2e-xetex.def 2016/02/05 v0.1u Driver-dependant file (RN,HjG,JT)
)
\pIIe@GRAPH=\toks33
\@arclen=\dimen266
\@arcrad=\dimen267
\@tempdimd=\dimen268
)
(/home/gordon/texmf/tex/latex/oberdiek/picture.sty
Package: picture 2016/05/16 v1.4 Dimens for picture macros (HO)
Package picture Info: Calculation method: etex.
)
\csteps@CBox=\box61
\csteps@XLength=\skip64
\csteps@YLength=\skip65
\csteps@YDepth=\skip66
\csteps@tmplen=\skip67
\c@cstepcnt=\count293
)
(/home/gordon/texmf/tex/latex/amsmath/amsmath.sty
Package: amsmath 2019/11/16 v2.17d AMS math features
\@mathmargin=\skip68

For additional information on amsmath, use the `?' option.
(/home/gordon/texmf/tex/latex/amsmath/amstext.sty
Package: amstext 2000/06/29 v2.01 AMS text

(/home/gordon/texmf/tex/latex/amsmath/amsgen.sty
File: amsgen.sty 1999/11/30 v2.0 generic functions
\@emptytoks=\toks34
\ex@=\dimen269
))
(/home/gordon/texmf/tex/latex/amsmath/amsbsy.sty
Package: amsbsy 1999/11/29 v1.2d Bold Symbols
\pmbraise@=\dimen270
)
(/home/gordon/texmf/tex/latex/amsmath/amsopn.sty
Package: amsopn 2016/03/08 v2.02 operator names
)
\inf@bad=\count294
LaTeX Info: Redefining \frac on input line 227.
\uproot@=\count295
\leftroot@=\count296
LaTeX Info: Redefining \overline on input line 389.
\classnum@=\count297
\DOTSCASE@=\count298
LaTeX Info: Redefining \ldots on input line 486.
LaTeX Info: Redefining \dots on input line 489.
LaTeX Info: Redefining \cdots on input line 610.
\Mathstrutbox@=\box62
\strutbox@=\box63
\big@size=\dimen271
LaTeX Font Info:    Redeclaring font encoding OML on input line 733.
LaTeX Font Info:    Redeclaring font encoding OMS on input line 734.
\macc@depth=\count299
\c@MaxMatrixCols=\count300
\dotsspace@=\muskip16
\c@parentequation=\count301
\dspbrk@lvl=\count302
\tag@help=\toks35
\row@=\count303
\column@=\count304
\maxfields@=\count305
\andhelp@=\toks36
\eqnshift@=\dimen272
\alignsep@=\dimen273
\tagshift@=\dimen274
\tagwidth@=\dimen275
\totwidth@=\dimen276
\lineht@=\dimen277
\@envbody=\toks37
\multlinegap=\skip69
\multlinetaggap=\skip70
\mathdisplay@stack=\toks38
LaTeX Info: Redefining \[ on input line 2858.
LaTeX Info: Redefining \] on input line 2859.
)
(/home/gordon/texmf/tex/latex/archaic/hieroglf.sty
Package: hieroglf 2015/06/02 v1.4 package for poor mans hieroglyphs

(/home/gordon/texmf/tex/latex/archaic/oands.sty
Package: oands 2000/08/19 v1.0 package for OandS fonts
)
\c@rthm=\skip71
\c@rtbox=\box64
\c@rtht=\dimen278
)
(/home/gordon/texmf/tex/xelatex/mathspec/mathspec.sty
Package: mathspec 2016/12/22 v0.2b LaTeX Package (Mathematics font selection fo
r XeLaTeX)

(/home/gordon/texmf/tex/generic/iftex/ifxetex.sty
Package: ifxetex 2019/10/25 v0.7 ifxetex legacy package. Use iftex instead.

(/home/gordon/texmf/tex/generic/iftex/iftex.sty
Package: iftex 2019/11/07 v1.0c TeX engine tests
))
(/home/gordon/texmf/tex/latex/xkeyval/xkeyval.sty
Package: xkeyval 2014/12/03 v2.7a package option processing (HA)

(/home/gordon/texmf/tex/generic/xkeyval/xkeyval.tex
(/home/gordon/texmf/tex/generic/xkeyval/xkvutils.tex
\XKV@toks=\toks39
\XKV@tempa@toks=\toks40
)
\XKV@depth=\count306
File: xkeyval.tex 2014/12/03 v2.7a key=value parser (HA)
))
\c@eu@=\count307
\c@eu@i=\count308
\c@mkern=\count309
)

Package fontspec Info: Linux Biolinum O scale = 1.206521988747273.


Package fontspec Info: Linux Biolinum O scale = 1.206521988747273.


Package fontspec Info: Linux Biolinum O scale = 1.206521988747273.


Package fontspec Info: Linux Biolinum O/B scale = 1.293706599834744.


Package fontspec Info: Linux Biolinum O/B scale = 1.293706599834744.


Package fontspec Info: Linux Biolinum O/I scale = 1.293706599834744.


Package fontspec Info: Linux Biolinum O/I scale = 1.293706599834744.


Package fontspec Info: Linux Biolinum O/BI scale = 1.293706599834744.


Package fontspec Info: Linux Biolinum O/BI scale = 1.293706599834744.


Package fontspec Info: Font family 'LinuxBiolinumO(0)' created for font 'Linux
(fontspec)             Biolinum O' with options [Scale=MatchLowercase].
(fontspec)              
(fontspec)              This font family consists of the following NFSS
(fontspec)             series/shapes:
(fontspec)              
(fontspec)             - 'normal' (m/n) with NFSS spec.:
(fontspec)             <->s*[1.206521988747273]"Linux Biolinum
(fontspec)             O/OT:script=latn;language=DFLT;"
(fontspec)             - 'small caps'  (m/sc) with NFSS spec.:
(fontspec)             <->s*[1.206521988747273]"Linux Biolinum
(fontspec)             O/OT:script=latn;language=DFLT;+smcp;"
(fontspec)             - 'bold' (bx/n) with NFSS spec.:
(fontspec)             <->s*[1.293706599834744]"Linux Biolinum
(fontspec)             O/B/OT:script=latn;language=DFLT;"
(fontspec)             - 'bold small caps'  (bx/sc) with NFSS spec.:
(fontspec)             <->s*[1.293706599834744]"Linux Biolinum
(fontspec)             O/B/OT:script=latn;language=DFLT;+smcp;"
(fontspec)             - 'italic' (m/it) with NFSS spec.:
(fontspec)             <->s*[1.293706599834744]"Linux Biolinum
(fontspec)             O/I/OT:script=latn;language=DFLT;"
(fontspec)             - 'italic small caps'  (m/itsc) with NFSS spec.:
(fontspec)             <->s*[1.293706599834744]"Linux Biolinum
(fontspec)             O/I/OT:script=latn;language=DFLT;+smcp;"
(fontspec)             - 'bold italic' (bx/it) with NFSS spec.:
(fontspec)             <->s*[1.293706599834744]"Linux Biolinum
(fontspec)             O/BI/OT:script=latn;language=DFLT;"
(fontspec)             - 'bold italic small caps'  (bx/itsc) with NFSS spec.:
(fontspec)             <->s*[1.293706599834744]"Linux Biolinum
(fontspec)             O/BI/OT:script=latn;language=DFLT;+smcp;"

\symDigits:m:n=\mathgroup4
LaTeX Font Info:    Font shape `TU/LinuxBiolinumO(0)/m/n' will be
(Font)              scaled to size 15.68486pt on input line 55.

Package fontspec Info: Linux Biolinum O scale = 1.206521988747273.

\symLatin:m:n=\mathgroup5
\symLatin:m:it=\mathgroup6
Package csquotes Info: Checking for multilingual support...
Package csquotes Info: ... found 'babel' package.
Package csquotes Info: Adjusting default style.
Package csquotes Info: Redefining alias 'default' -> 'ngerman'.
 (./xbinder.aux)
\openout1 = `xbinder.aux'.

LaTeX Font Info:    Checking defaults for OML/cmm/m/it on input line 58.
LaTeX Font Info:    ... okay on input line 58.
LaTeX Font Info:    Checking defaults for T1/cmr/m/n on input line 58.
LaTeX Font Info:    ... okay on input line 58.
LaTeX Font Info:    Checking defaults for OT1/cmr/m/n on input line 58.
LaTeX Font Info:    ... okay on input line 58.
LaTeX Font Info:    Checking defaults for OMS/cmsy/m/n on input line 58.
LaTeX Font Info:    ... okay on input line 58.
LaTeX Font Info:    Checking defaults for TU/lmr/m/n on input line 58.
LaTeX Font Info:    ... okay on input line 58.
LaTeX Font Info:    Checking defaults for OMX/cmex/m/n on input line 58.
LaTeX Font Info:    ... okay on input line 58.
LaTeX Font Info:    Checking defaults for U/cmr/m/n on input line 58.
LaTeX Font Info:    ... okay on input line 58.

ABD: EveryShipout initializing macros (./kapitel/fangen.tex
File: ./bilder/fangen.png Graphic file (type bmp)
<./bilder/fangen.png>
 [1

]

LaTeX Font Warning: Font shape `TU/Merriweather(0)/m/sc' undefined
(Font)              using `TU/Merriweather(0)/m/n' instead on input line 12.

Package lettrine.sty Info: Targeted height = 38.41492pt
(lettrine.sty)             (no accent, loversize=0),
(lettrine.sty)             Lettrine height = 47.76219pt (T) loversize=.25;
(lettrine.sty)             reported on input line 12.

Underfull \hbox (badness 1320) in paragraph at lines 15--16
[]\TU/Merriweather(0)/m/sc/13 «   Tobias, die Sonne scheint und du sitzt seit
 []


Underfull \hbox (badness 1348) in paragraph at lines 15--16
\TU/Merriweather(0)/m/sc/13 das Meer und Amerika finden? Durchs Mikro-
 []


LaTeX Font Warning: Font shape `TU/Merriweather(0)/m/sl' undefined
(Font)              using `TU/Merriweather(0)/m/n' instead on input line 16.

LaTeX Font Info:    Calculating math sizes for size <13> on input line 16.

LaTeX Font Warning: Font shape `OT1/cmr/m/n' in size <13> not available
(Font)              size <12> substituted on input line 16.


LaTeX Font Warning: Font shape `OT1/cmr/m/n' in size <6.5> not available
(Font)              size <6> substituted on input line 16.


LaTeX Font Warning: Font shape `OML/cmm/m/it' in size <13> not available
(Font)              size <12> substituted on input line 16.


LaTeX Font Warning: Font shape `OML/cmm/m/it' in size <6.5> not available
(Font)              size <6> substituted on input line 16.


LaTeX Font Warning: Font shape `OMS/cmsy/m/n' in size <13> not available
(Font)              size <12> substituted on input line 16.


LaTeX Font Warning: Font shape `OMS/cmsy/m/n' in size <6.5> not available
(Font)              size <6> substituted on input line 16.


LaTeX Font Warning: Font shape `OMX/cmex/m/n' in size <13> not available
(Font)              size <12> substituted on input line 16.

LaTeX Font Info:    Font shape `TU/LinuxBiolinumO(0)/m/n' will be
(Font)              scaled to size 10.97934pt on input line 16.
LaTeX Font Info:    Font shape `TU/LinuxBiolinumO(0)/m/n' will be
(Font)              scaled to size 7.84242pt on input line 16.
LaTeX Font Info:    Font shape `TU/LinuxBiolinumO(0)/m/it' will be
(Font)              scaled to size 16.81812pt on input line 16.
LaTeX Font Info:    Font shape `TU/LinuxBiolinumO(0)/m/it' will be
(Font)              scaled to size 11.77263pt on input line 16.
LaTeX Font Info:    Font shape `TU/LinuxBiolinumO(0)/m/it' will be
(Font)              scaled to size 8.40906pt on input line 16.
(/home/gordon/texmf/tex/generic/pgfornament/vectorian/vectorian89.pgf)

LaTeX Font Warning: Font shape `TU/Merriweather(0)/bx/n' undefined
(Font)              using `TU/Merriweather(0)/m/n' instead on input line 16.

[2]
Underfull \hbox (badness 1275) in paragraph at lines 21--22
\TU/Merriweather(0)/m/sl/13 digen Diskussionen und Belehrungen vielleicht
 []

(/home/gordon/texmf/tex/generic/pgfornament/vectorian/vectorian89.pgf) [3]
Underfull \hbox (badness 1087) in paragraph at lines 35--36
\TU/Merriweather(0)/bx/n/13 son kann wiederum nur jemanden fangen, der
 []

(/home/gordon/texmf/tex/generic/pgfornament/vectorian/vectorian89.pgf) [4]
Underfull \hbox (badness 1253) in paragraph at lines 41--42
\TU/Merriweather(0)/bx/n/13 seine Mutter geschlagen. Sein triumphierender
 []


Underfull \hbox (badness 1831) in paragraph at lines 43--44
\TU/Merriweather(0)/bx/n/13 ner schmunzelnden Mutter, «  die Wissenschaft
 []


Underfull \vbox (badness 10000) has occurred while \output is active []


(/home/gordon/texmf/tex/generic/pgfornament/vectorian/vectorian89.pgf) [5]
Underfull \hbox (badness 1048) in paragraph at lines 47--48
[]\TU/Merriweather(0)/bx/n/13 «  Und, hast du deine Theorie aufgegeben? Es
 []


Underfull \hbox (badness 1888) in paragraph at lines 55--56
[]\TU/Merriweather(0)/bx/n/13 «   Den schnellsten Spieler von mir aus, nicht
 []

(/home/gordon/texmf/tex/generic/pgfornament/vectorian/vectorian89.pgf) [6]
Overfull \hbox (8.38138pt too wide) in paragraph at lines 58--59
[]\TU/Merriweather(0)/bx/n/13 «   Dort gibt es alleine beim Um-die-Wette-Laufen

 []


Overfull \hbox (10.90166pt too wide) in paragraph at lines 58--59
\TU/Merriweather(0)/bx/n/13 viele verschiedene Disziplinen: 100m, 200m, 400m,
 []


Overfull \hbox (22.14261pt too wide) in paragraph at lines 58--59
\TU/Merriweather(0)/bx/n/13 800m, 1500m, 10000m und Marathon», «  42.195km»,
 []

(/home/gordon/texmf/tex/generic/pgfornament/vectorian/vectorian89.pgf) [7]
(/home/gordon/texmf/tex/generic/pgfornament/vectorian/vectorian3.pgf)
Underfull \hbox (badness 1122) in paragraph at lines 64--65
\TU/Merriweather(0)/bx/n/13 das Thema nachdenken. Das machte er gerade
 []

(/home/gordon/texmf/tex/generic/pgfornament/vectorian/vectorian89.pgf) [8])
(./kapitel/acht.tex
File: ./bilder/acht_1.png Graphic file (type bmp)
<./bilder/acht_1.png>
 [9]
Package lettrine.sty Info: Targeted height = 38.41492pt
(lettrine.sty)             (no accent, loversize=0),
(lettrine.sty)             Lettrine height = 47.76219pt (W) loversize=.25;
(lettrine.sty)             reported on input line 12.

Underfull \hbox (badness 3536) in paragraph at lines 16--17
\TU/Merriweather(0)/bx/n/13 so spannende Eltern? Die machten irgendwas
 []


Underfull \vbox (badness 10000) has occurred while \output is active []


(/home/gordon/texmf/tex/generic/pgfornament/vectorian/vectorian89.pgf) [10]
Underfull \hbox (badness 1460) in paragraph at lines 28--29
[]\TU/Merriweather(0)/bx/n/13 Alle kicherten und Frau Zahl nickte zustim-
 []

(/home/gordon/texmf/tex/generic/pgfornament/vectorian/vectorian89.pgf) [11]
(/home/gordon/texmf/tex/generic/pgfornament/vectorian/vectorian89.pgf) [12]
Overfull \hbox (19.40541pt too wide) in paragraph at lines 46--47
\TU/Merriweather(0)/bx/n/13 danken und ein ganz kleines bisschen seiner Schwes-

 []


Underfull \hbox (badness 2088) in paragraph at lines 46--47
\TU/Merriweather(0)/bx/n/13 ter, die dort arbeitet. Wir treffen uns morgen
 []


Underfull \vbox (badness 1028) has occurred while \output is active []


(/home/gordon/texmf/tex/generic/pgfornament/vectorian/vectorian89.pgf) [13]

LaTeX Font Warning: Font shape `TU/Merriweather(0)/m/it' undefined
(Font)              using `TU/Merriweather(0)/m/n' instead on input line 54.


Underfull \hbox (badness 3884) in paragraph at lines 54--55
\TU/Merriweather(0)/bx/n/13 bereitet. Natürlich hatten sie den Nachmittag
 []


Underfull \hbox (badness 1776) in paragraph at lines 54--55
\TU/Merriweather(0)/bx/n/13 zusammen verbracht, aber bevor sie anfangen
 []


Overfull \hbox (3.01852pt too wide) in paragraph at lines 54--55
\TU/Merriweather(0)/bx/n/13 de. Eine Revanche führte zur nächsten bis es Abend
 []

(/home/gordon/texmf/tex/generic/pgfornament/vectorian/vectorian89.pgf) [14]
Underfull \hbox (badness 1199) in paragraph at lines 62--63
\TU/Merriweather(0)/bx/n/13 kommen, wo die [] waren, dem Highlight des
 []


Underfull \hbox (badness 1546) in paragraph at lines 66--67
[]\TU/Merriweather(0)/bx/n/13 «  Was machen wir jetzt?» Beide trauten sich
 []


Underfull \hbox (badness 2119) in paragraph at lines 68--69
[]\TU/Merriweather(0)/bx/n/13 «   Ablenken, wir müssen es von den anderen
 []

(/home/gordon/texmf/tex/generic/pgfornament/vectorian/vectorian89.pgf) [15]
Underfull \hbox (badness 1286) in paragraph at lines 76--77
\TU/Merriweather(0)/m/it/13 Reihen messerscharfer Zähne und fixierte sei-
 []


Underfull \vbox (badness 6252) has occurred while \output is active []


(/home/gordon/texmf/tex/generic/pgfornament/vectorian/vectorian89.pgf) [16]
Underfull \hbox (badness 1112) in paragraph at lines 88--89
[]\TU/Merriweather(0)/m/it/13 «  Ich habe das [] nur betäubt und hole euch
 []

(/home/gordon/texmf/tex/generic/pgfornament/vectorian/vectorian89.pgf) [17]
(/home/gordon/texmf/tex/generic/pgfornament/vectorian/vectorian3.pgf)
Underfull \hbox (badness 2245) in paragraph at lines 100--101
\TU/Merriweather(0)/m/it/13 tragte sie, zwei Zoomitarbeiterinnen-Ausweise
 []


Underfull \hbox (badness 1237) in paragraph at lines 100--101
\TU/Merriweather(0)/m/it/13 kleine Belohnung selbstverständlich. Vor allem
 []


Underfull \vbox (badness 4518) has occurred while \output is active []


(/home/gordon/texmf/tex/generic/pgfornament/vectorian/vectorian89.pgf) [18]
(/home/gordon/texmf/tex/generic/pgfornament/vectorian/vectorian89.pgf) [19])
(./kapitel/wheterby.tex
File: ./bilder/wheterby.png Graphic file (type bmp)
<./bilder/wheterby.png>
 [20]
Package lettrine.sty Info: Targeted height = 38.41492pt
(lettrine.sty)             (no accent, loversize=0),
(lettrine.sty)             Lettrine height = 48.01862pt (D) loversize=.25;
(lettrine.sty)             reported on input line 11.

Underfull \hbox (badness 1571) in paragraph at lines 11--12
\TU/Merriweather(0)/m/it/13 Rythmus vor, verbieten jeden Gedanken. Tris-
 []


Underfull \hbox (badness 3612) in paragraph at lines 13--14
\TU/Merriweather(0)/m/it/13 sinnig wurden oder ganz verschwunden sind,
 []


Underfull \hbox (badness 1931) in paragraph at lines 15--16
\TU/Merriweather(0)/m/it/13 nicht wirklich, aber Grabsteine für ertrunkene
 []


Underfull \hbox (badness 1867) in paragraph at lines 15--16
\TU/Merriweather(0)/m/it/13 der Steilküste. Möwen schreien. Wenn ich das
 []

(/home/gordon/texmf/tex/generic/pgfornament/vectorian/vectorian89.pgf) [21]
Underfull \hbox (badness 1701) in paragraph at lines 17--18
\TU/Merriweather(0)/m/it/13 mand. «   He», rufe ich. Also stosse ich die Tür
 []

(/home/gordon/texmf/tex/generic/pgfornament/vectorian/vectorian89.pgf) [22]
! Undefined control sequence.
l.22 ...rlauben.\hfill {\color{farbe}\decofourleft
                                                  }\newpage
? 

Underfull \hbox (badness 1014) in paragraph at lines 22--22
\TU/Merriweather(0)/m/it/13 Essens eingeschlafen sein, warum erinnere ich
 []

(/home/gordon/texmf/tex/generic/pgfornament/vectorian/vectorian89.pgf) [23]
Underfull \hbox (badness 1762) in paragraph at lines 24--25
[]\TU/Merriweather(0)/m/it/13 «  Willkommen auf Whetherby Castle. Ich bin
 []


Underfull \hbox (badness 2173) in paragraph at lines 26--27
\TU/Merriweather(0)/m/it/13 eingeschlafen zu sein, mit einer angedeuteten
 []

(/home/gordon/texmf/tex/generic/pgfornament/vectorian/vectorian89.pgf) [24]
Underfull \hbox (badness 1210) in paragraph at lines 32--33
\TU/Merriweather(0)/m/it/13 Fingern. Ich entschuldige mich stotternd, ver-
 []


Underfull \hbox (badness 1270) in paragraph at lines 34--35
[]\TU/Merriweather(0)/m/it/13 Ich stütze mich auf den Tisch, der Schweiss
 []


Underfull \hbox (badness 1342) in paragraph at lines 34--35
\TU/Merriweather(0)/m/it/13 und kalt. Einsamkeit, Verlassensein, Leere. Als
 []

(/home/gordon/texmf/tex/generic/pgfornament/vectorian/vectorian89.pgf) [25]
(/home/gordon/texmf/tex/generic/pgfornament/vectorian/vectorian3.pgf)
(/home/gordon/texmf/tex/generic/pgfornament/vectorian/vectorian89.pgf) [26])
(./kapitel/zahlen.tex
File: ./bilder/Maya1976.png Graphic file (type bmp)
<./bilder/Maya1976.png>
 [27]
Package lettrine.sty Info: Targeted height = 38.41492pt
(lettrine.sty)             (no accent, loversize=0),
(lettrine.sty)             Lettrine height = 47.76219pt (W) loversize=.25;
(lettrine.sty)             reported on input line 11.

Overfull \hbox (13.53754pt too wide) in paragraph at lines 11--12
[][] \TU/Merriweather(0)/m/it/13 Menschen benutzen unterschiedliche Spra-
 []


Underfull \hbox (badness 1953) in paragraph at lines 11--12
\TU/Merriweather(0)/m/it/13 chen. Aber es gibt Sprachen, die überall
 []


Underfull \hbox (badness 1205) in paragraph at lines 11--12
\TU/Merriweather(0)/m/it/13 zu übertragen. Das ist nebenbei bemerkt nicht
 []


Overfull \hbox (10.60442pt too wide) in paragraph at lines 13--14
\TU/Merriweather(0)/m/it/13 sie sonst vielleicht mit Lichtblitzen statt mit Sch
all-
 []

(/home/gordon/texmf/tex/generic/pgfornament/vectorian/vectorian89.pgf) [28]
LaTeX Font Info:    Calculating math sizes for size <10.83347> on input line 17
.


LaTeX Font Warning: Font shape `OT1/cmr/m/n' in size <7.58339> not available
(Font)              size <8> substituted on input line 17.


LaTeX Font Warning: Font shape `OT1/cmr/m/n' in size <5.41673> not available
(Font)              size <5> substituted on input line 17.


LaTeX Font Warning: Font shape `OML/cmm/m/it' in size <7.58339> not available
(Font)              size <8> substituted on input line 17.


LaTeX Font Warning: Font shape `OML/cmm/m/it' in size <5.41673> not available
(Font)              size <5> substituted on input line 17.


LaTeX Font Warning: Font shape `OMS/cmsy/m/n' in size <7.58339> not available
(Font)              size <8> substituted on input line 17.


LaTeX Font Warning: Font shape `OMS/cmsy/m/n' in size <5.41673> not available
(Font)              size <5> substituted on input line 17.

LaTeX Font Info:    Font shape `TU/LinuxBiolinumO(0)/m/n' will be
(Font)              scaled to size 13.07086pt on input line 17.
LaTeX Font Info:    Font shape `TU/LinuxBiolinumO(0)/m/n' will be
(Font)              scaled to size 9.14957pt on input line 17.
LaTeX Font Info:    Font shape `TU/LinuxBiolinumO(0)/m/n' will be
(Font)              scaled to size 6.53543pt on input line 17.
LaTeX Font Info:    Font shape `TU/LinuxBiolinumO(0)/m/it' will be
(Font)              scaled to size 14.01526pt on input line 17.
LaTeX Font Info:    Font shape `TU/LinuxBiolinumO(0)/m/it' will be
(Font)              scaled to size 9.81064pt on input line 17.
LaTeX Font Info:    Font shape `TU/LinuxBiolinumO(0)/m/it' will be
(Font)              scaled to size 7.00763pt on input line 17.
Missing character: There is no ǃ in font cmmi10!

Underfull \hbox (badness 2253) in paragraph at lines 17--17
 \TU/Merriweather(0)/m/it/10.83347 stabenkombinationen wie im Deutschen sch um 
alle
 []


Underfull \hbox (badness 1231) in paragraph at lines 17--18
\TU/Merriweather(0)/m/it/13 le Dinge könntest du mit deinen Steinen bau-
 []

(/home/gordon/texmf/tex/generic/pgfornament/vectorian/vectorian89.pgf) [29]
Underfull \hbox (badness 1308) in paragraph at lines 21--24
\TU/Merriweather(0)/m/it/13 Dazu addieren wir den zweiten Term, den wir
 []

(/home/gordon/texmf/tex/generic/pgfornament/vectorian/vectorian89.pgf) [30]
Missing character: There is no ’ in font cmr12!

Underfull \hbox (badness 1168) in paragraph at lines 27--28
\TU/Merriweather(0)/m/it/13 wächst unglaublich schnell, das bedeutet, dass
 []

(/home/gordon/texmf/tex/generic/pgfornament/vectorian/vectorian89.pgf) [31]
Missing character: There is no ’ in font cmr10!

Underfull \hbox (badness 1406) in paragraph at lines 35--36
\TU/Merriweather(0)/m/it/13 fe der Mathematik beschreiben und verstehen.
 []


Underfull \hbox (badness 2310) in paragraph at lines 35--36
\TU/Merriweather(0)/m/it/13 Ausserirdischen über Lego unterhalten. Würde
 []


Underfull \hbox (badness 1043) in paragraph at lines 35--36
\TU/Merriweather(0)/m/it/13 logischen Aufbau der Ziffern, dazu komme ich
 []


Underfull \hbox (badness 1122) in paragraph at lines 37--38
[]\TU/Merriweather(0)/m/it/13 Die Unterschiede zwischen den Kulturen be-
 []


Underfull \hbox (badness 1831) in paragraph at lines 37--38
\TU/Merriweather(0)/m/it/13 den. Damit meine ich nicht den reinen Wort-
 []


Underfull \hbox (badness 2012) in paragraph at lines 37--38
\TU/Merriweather(0)/m/it/13 Zahlen geschrieben oder benannt werden. Das
 []

(/home/gordon/texmf/tex/generic/pgfornament/vectorian/vectorian89.pgf) [32]
(/home/gordon/texmf/tex/generic/pgfornament/vectorian/vectorian89.pgf) [33]
Underfull \hbox (badness 1383) in paragraph at lines 46--47
\TU/Merriweather(0)/m/it/13 dem kleinsten Zeichen nach der 0 dieses vor-
 []


Underfull \hbox (badness 1024) in paragraph at lines 46--47
\TU/Merriweather(0)/m/it/13 verwenden. Nach $[] \OML/cmm/m/it/12 ; []; []; [] $
 \TU/Merriweather(0)/m/it/13 kommt der Sprung
 []


Underfull \hbox (badness 2005) in paragraph at lines 48--49
\TU/Merriweather(0)/m/it/13 und fängst da an hochzuzählen: $[] \OML/cmm/m/it/12
 ; [][]; [][]$ \TU/Merriweather(0)/m/it/13 und
 []

(/home/gordon/texmf/tex/generic/pgfornament/vectorian/vectorian89.pgf) [34]
Underfull \hbox (badness 1371) in paragraph at lines 50--51
\TU/Merriweather(0)/m/it/13 du nämlich Zahlen schreiben willst (oder eher
 []

LaTeX Font Info:    Calculating math sizes for size <11.86258> on input line 56
.
LaTeX Font Info:    Font shape `TU/LinuxBiolinumO(0)/m/n' will be
(Font)              scaled to size 14.31253pt on input line 56.
LaTeX Font Info:    Font shape `TU/LinuxBiolinumO(0)/m/n' will be
(Font)              scaled to size 10.0187pt on input line 56.
LaTeX Font Info:    Font shape `TU/LinuxBiolinumO(0)/m/n' will be
(Font)              scaled to size 7.15627pt on input line 56.
LaTeX Font Info:    Font shape `TU/LinuxBiolinumO(0)/m/it' will be
(Font)              scaled to size 15.34662pt on input line 56.
LaTeX Font Info:    Font shape `TU/LinuxBiolinumO(0)/m/it' will be
(Font)              scaled to size 10.74257pt on input line 56.
LaTeX Font Info:    Font shape `TU/LinuxBiolinumO(0)/m/it' will be
(Font)              scaled to size 7.67331pt on input line 56.
Missing character: There is no 0 in font Noto Sans Thai Regular/OT:script=DFLT;
language=DFLT;!

Underfull \vbox (badness 10000) has occurred while \output is active []


(/home/gordon/texmf/tex/generic/pgfornament/vectorian/vectorian89.pgf) [35]
Underfull \hbox (badness 1132) in paragraph at lines 69--70
[]\TU/Merriweather(0)/m/it/13 Die Mathematik hat sich seit Erfindung die-
 []


Underfull \hbox (badness 1043) in paragraph at lines 69--70
\TU/Merriweather(0)/m/it/13 tionalen Zahlen. Hinzu kamen negative Zahlen
 []


Underfull \hbox (badness 1648) in paragraph at lines 71--72
\TU/Merriweather(0)/m/it/13 übrigens leicht variieren. Warum zum Beispiel
 []

(/home/gordon/texmf/tex/generic/pgfornament/vectorian/vectorian89.pgf) [36]
(/home/gordon/texmf/tex/generic/pgfornament/vectorian/vectorian89.pgf) [37]
File: ./bilder/Maya1976.png Graphic file (type bmp)
<./bilder/Maya1976.png>

Overfull \hbox (13.0pt too wide) in paragraph at lines 89--90
[][] 
 []


Underfull \hbox (badness 1424) in paragraph at lines 91--92
\TU/Merriweather(0)/m/it/13 so oft wiederholen musst, bis es dem gewün-
 []


Underfull \hbox (badness 1314) in paragraph at lines 91--92
\TU/Merriweather(0)/m/it/13 Ägypten hat man daher gewisse Anzahlen von
 []

(/home/gordon/texmf/tex/generic/pgfornament/vectorian/vectorian89.pgf) [38]
LaTeX Font Info:    Try loading font information for OT1+pmhg on input line 93.


(/home/gordon/texmf/tex/latex/archaic/ot1pmhg.fd
File: ot1pmhg.fd 2000/08/19 v1.0 PM Hieroglyphic font definitions
)
Underfull \vbox (badness 8000) has occurred while \output is active []


(/home/gordon/texmf/tex/generic/pgfornament/vectorian/vectorian89.pgf) [39]
Missing character: There is no ’ in font cmr12!

Underfull \hbox (badness 2277) in paragraph at lines 97--98
\TU/Merriweather(0)/m/it/13 Zum Beispiel wird die $[][][][][][]$ als einhundert
-
 []


Overfull \hbox (2.25153pt too wide) in paragraph at lines 99--100
\TU/Merriweather(0)/m/it/13 Französisch. Zum Beispiel heisst 97 quatre-vingt-
 []


Underfull \hbox (badness 1158) in paragraph at lines 99--100
\TU/Merriweather(0)/m/it/13 zig (plus) Zehn (plus) Sieben. Ernsthaft? Noch
 []


Underfull \hbox (badness 1460) in paragraph at lines 99--100
\TU/Merriweather(0)/m/it/13 verrückter wird es im Dänischen. Dort scheint
 []


Underfull \hbox (badness 1527) in paragraph at lines 99--100
\TU/Merriweather(0)/m/it/13 irgendetwas gründlich schief gelaufen zu sein.
 []

(/home/gordon/texmf/tex/generic/pgfornament/vectorian/vectorian89.pgf) [40]
Underfull \hbox (badness 1946) in paragraph at lines 101--102
\TU/Merriweather(0)/m/it/13 im Dänischen, wie auch im Französischen die
 []


Underfull \hbox (badness 1655) in paragraph at lines 105--106
[]\TU/Merriweather(0)/m/it/13 Unser Körper bestimmt unser Zahlensystem.
 []

(/home/gordon/texmf/tex/generic/pgfornament/vectorian/vectorian89.pgf) [41]
(/home/gordon/texmf/tex/generic/pgfornament/vectorian/vectorian3.pgf)
(/home/gordon/texmf/tex/generic/pgfornament/vectorian/vectorian89.pgf) [42]
(/home/gordon/texmf/tex/generic/pgfornament/vectorian/vectorian89.pgf) [43])
[44


] (./xbinder.toc)
\tf@toc=\write4
\openout4 = `xbinder.toc'.

 [45] (./xbinder.aux)

LaTeX Font Warning: Size substitutions with differences
(Font)              up to 1.0pt have occurred.


LaTeX Font Warning: Some font shapes were not available, defaults substituted.

 ) 
Here is how much of TeX's memory you used:
 31537 strings out of 492909
 685838 string characters out of 6135046
 922033 words of memory out of 5000000
 34996 multiletter control sequences out of 15000+600000
 540881 words of font info for 136 fonts, out of 8000000 for 9000
 1348 hyphenation exceptions out of 8191
 71i,21n,120p,10089b,875s stack positions out of 5000i,500n,10000p,200000b,80000s

Output written on xbinder.pdf (45 pages).
